<?xml version="1.0" encoding="UTF-8"?>
<testsuite xmlns:xsi="http://www.w3.org/2001/XMLSchema-instance" xsi:noNamespaceSchemaLocation="https://maven.apache.org/surefire/maven-surefire-plugin/xsd/surefire-test-report.xsd" name="com.anoop.DemoControllerTest" time="3.575" tests="1" errors="1" skipped="0" failures="0">
  <properties>
[...]
</properties>
  <testcase name="getHello" classname="com.anoop.DemoControllerTest" time="0.011">
    <error message="Failed to load ApplicationContext" type="java.lang.IllegalStateException">java.lang.IllegalStateException: Failed to load ApplicationContext
Caused by: org.springframework.beans.factory.UnsatisfiedDependencyException: Error creating bean with name 'SQSClientWrapper' defined in file [/Users/adevadiga/anoopdev/ATLASSIAN/processJira/target/classes/com/anoop/cst/clients/SQSClientWrapper.class]: Unsatisfied dependency expressed through constructor parameter 0; nested exception is org.springframework.beans.factory.UnsatisfiedDependencyException: Error creating bean with name 'sqsClient' defined in class path resource [com/anoop/cst/configs/DevConfig.class]: Unsatisfied dependency expressed through method 'sqsClient' parameter 0; nested exception is org.springframework.beans.factory.BeanCreationException: Error creating bean with name 'envConfigProperties': Injection of autowired dependencies failed; nested exception is java.lang.IllegalArgumentException: Could not resolve placeholder 'JIRA_BASE_URL' in value "${JIRA_BASE_URL}"
Caused by: org.springframework.beans.factory.UnsatisfiedDependencyException: Error creating bean with name 'sqsClient' defined in class path resource [com/anoop/cst/configs/DevConfig.class]: Unsatisfied dependency expressed through method 'sqsClient' parameter 0; nested exception is org.springframework.beans.factory.BeanCreationException: Error creating bean with name 'envConfigProperties': Injection of autowired dependencies failed; nested exception is java.lang.IllegalArgumentException: Could not resolve placeholder 'JIRA_BASE_URL' in value "${JIRA_BASE_URL}"
Caused by: org.springframework.beans.factory.BeanCreationException: Error creating bean with name 'envConfigProperties': Injection of autowired dependencies failed; nested exception is java.lang.IllegalArgumentException: Could not resolve placeholder 'JIRA_BASE_URL' in value "${JIRA_BASE_URL}"
Caused by: java.lang.IllegalArgumentException: Could not resolve placeholder 'JIRA_BASE_URL' in value "${JIRA_BASE_URL}"
</error>
    <system-out><![CDATA[17:05:43.861 [main] DEBUG org.springframework.test.context.junit4.SpringJUnit4ClassRunner - SpringJUnit4ClassRunner constructor called with [class com.anoop.DemoControllerTest]
17:05:43.867 [main] DEBUG org.springframework.test.context.BootstrapUtils - Instantiating CacheAwareContextLoaderDelegate from class [org.springframework.test.context.cache.DefaultCacheAwareContextLoaderDelegate]
17:05:43.880 [main] DEBUG org.springframework.test.context.BootstrapUtils - Instantiating BootstrapContext using constructor [public org.springframework.test.context.support.DefaultBootstrapContext(java.lang.Class,org.springframework.test.context.CacheAwareContextLoaderDelegate)]
17:05:43.921 [main] DEBUG org.springframework.test.context.BootstrapUtils - Instantiating TestContextBootstrapper for test class [com.anoop.DemoControllerTest] from class [org.springframework.boot.test.context.SpringBootTestContextBootstrapper]
17:05:43.942 [main] INFO org.springframework.boot.test.context.SpringBootTestContextBootstrapper - Neither @ContextConfiguration nor @ContextHierarchy found for test class [com.anoop.DemoControllerTest], using SpringBootContextLoader
17:05:43.947 [main] DEBUG org.springframework.test.context.support.AbstractContextLoader - Did not detect default resource location for test class [com.anoop.DemoControllerTest]: class path resource [com/anoop/DemoControllerTest-context.xml] does not exist
17:05:43.948 [main] DEBUG org.springframework.test.context.support.AbstractContextLoader - Did not detect default resource location for test class [com.anoop.DemoControllerTest]: class path resource [com/anoop/DemoControllerTestContext.groovy] does not exist
17:05:43.948 [main] INFO org.springframework.test.context.support.AbstractContextLoader - Could not detect default resource locations for test class [com.anoop.DemoControllerTest]: no resource found for suffixes {-context.xml, Context.groovy}.
17:05:43.949 [main] INFO org.springframework.test.context.support.AnnotationConfigContextLoaderUtils - Could not detect default configuration classes for test class [com.anoop.DemoControllerTest]: DemoControllerTest does not declare any static, non-private, non-final, nested classes annotated with @Configuration.
17:05:44.025 [main] DEBUG org.springframework.test.context.support.ActiveProfilesUtils - Could not find an 'annotation declaring class' for annotation type [org.springframework.test.context.ActiveProfiles] and class [com.anoop.DemoControllerTest]
17:05:44.035 [main] DEBUG org.springframework.core.env.StandardEnvironment - Adding PropertySource 'systemProperties' with lowest search precedence
17:05:44.035 [main] DEBUG org.springframework.core.env.StandardEnvironment - Adding PropertySource 'systemEnvironment' with lowest search precedence
17:05:44.036 [main] DEBUG org.springframework.core.env.StandardEnvironment - Initialized StandardEnvironment with PropertySources [MapPropertySource@916835004 {name='systemProperties', properties={java.runtime.name=Java(TM) SE Runtime Environment, sun.boot.library.path=/Library/Java/JavaVirtualMachines/jdk1.8.0_91.jdk/Contents/Home/jre/lib, java.vm.version=25.91-b14, gopherProxySet=false, java.vm.vendor=Oracle Corporation, java.vendor.url=http://java.oracle.com/, path.separator=:, java.vm.name=Java HotSpot(TM) 64-Bit Server VM, file.encoding.pkg=sun.io, user.country=US, sun.java.launcher=SUN_STANDARD, sun.os.patch.level=unknown, java.vm.specification.name=Java Virtual Machine Specification, user.dir=/Users/adevadiga/anoopdev/ATLASSIAN/processJira, java.runtime.version=1.8.0_91-b14, basedir=/Users/adevadiga/anoopdev/ATLASSIAN/processJira, java.awt.graphicsenv=sun.awt.CGraphicsEnvironment, java.endorsed.dirs=/Library/Java/JavaVirtualMachines/jdk1.8.0_91.jdk/Contents/Home/jre/lib/endorsed, os.arch=x86_64, surefire.real.class.path=/Users/adevadiga/anoopdev/ATLASSIAN/processJira/target/surefire/surefirebooter7035302006277684626.jar, java.io.tmpdir=/var/folders/q0/jtz_2n2s7zb5f6wjb4sqrn78w27bx8/T/, line.separator=
, java.vm.specification.vendor=Oracle Corporation, os.name=Mac OS X, sun.jnu.encoding=UTF-8, java.library.path=/Users/adevadiga/Library/Java/Extensions:/Library/Java/Extensions:/Network/Library/Java/Extensions:/System/Library/Java/Extensions:/usr/lib/java:., surefire.test.class.path=/Users/adevadiga/anoopdev/ATLASSIAN/processJira/target/test-classes:/Users/adevadiga/anoopdev/ATLASSIAN/processJira/target/classes:/Users/adevadiga/.m2/repository/org/springframework/boot/spring-boot-starter-web/2.0.5.RELEASE/spring-boot-starter-web-2.0.5.RELEASE.jar:/Users/adevadiga/.m2/repository/org/springframework/boot/spring-boot-starter/2.0.5.RELEASE/spring-boot-starter-2.0.5.RELEASE.jar:/Users/adevadiga/.m2/repository/org/springframework/boot/spring-boot/2.0.5.RELEASE/spring-boot-2.0.5.RELEASE.jar:/Users/adevadiga/.m2/repository/org/springframework/boot/spring-boot-autoconfigure/2.0.5.RELEASE/spring-boot-autoconfigure-2.0.5.RELEASE.jar:/Users/adevadiga/.m2/repository/org/springframework/boot/spring-boot-starter-logging/2.0.5.RELEASE/spring-boot-starter-logging-2.0.5.RELEASE.jar:/Users/adevadiga/.m2/repository/ch/qos/logback/logback-classic/1.2.3/logback-classic-1.2.3.jar:/Users/adevadiga/.m2/repository/ch/qos/logback/logback-core/1.2.3/logback-core-1.2.3.jar:/Users/adevadiga/.m2/repository/org/apache/logging/log4j/log4j-to-slf4j/2.10.0/log4j-to-slf4j-2.10.0.jar:/Users/adevadiga/.m2/repository/org/apache/logging/log4j/log4j-api/2.10.0/log4j-api-2.10.0.jar:/Users/adevadiga/.m2/repository/org/slf4j/jul-to-slf4j/1.7.25/jul-to-slf4j-1.7.25.jar:/Users/adevadiga/.m2/repository/javax/annotation/javax.annotation-api/1.3.2/javax.annotation-api-1.3.2.jar:/Users/adevadiga/.m2/repository/org/yaml/snakeyaml/1.19/snakeyaml-1.19.jar:/Users/adevadiga/.m2/repository/org/springframework/boot/spring-boot-starter-json/2.0.5.RELEASE/spring-boot-starter-json-2.0.5.RELEASE.jar:/Users/adevadiga/.m2/repository/com/fasterxml/jackson/core/jackson-databind/2.9.6/jackson-databind-2.9.6.jar:/Users/adevadiga/.m2/repository/com/fasterxml/jackson/core/jackson-annotations/2.9.0/jackson-annotations-2.9.0.jar:/Users/adevadiga/.m2/repository/com/fasterxml/jackson/core/jackson-core/2.9.6/jackson-core-2.9.6.jar:/Users/adevadiga/.m2/repository/com/fasterxml/jackson/datatype/jackson-datatype-jdk8/2.9.6/jackson-datatype-jdk8-2.9.6.jar:/Users/adevadiga/.m2/repository/com/fasterxml/jackson/datatype/jackson-datatype-jsr310/2.9.6/jackson-datatype-jsr310-2.9.6.jar:/Users/adevadiga/.m2/repository/com/fasterxml/jackson/module/jackson-module-parameter-names/2.9.6/jackson-module-parameter-names-2.9.6.jar:/Users/adevadiga/.m2/repository/org/springframework/boot/spring-boot-starter-tomcat/2.0.5.RELEASE/spring-boot-starter-tomcat-2.0.5.RELEASE.jar:/Users/adevadiga/.m2/repository/org/apache/tomcat/embed/tomcat-embed-core/8.5.34/tomcat-embed-core-8.5.34.jar:/Users/adevadiga/.m2/repository/org/apache/tomcat/embed/tomcat-embed-el/8.5.34/tomcat-embed-el-8.5.34.jar:/Users/adevadiga/.m2/repository/org/apache/tomcat/embed/tomcat-embed-websocket/8.5.34/tomcat-embed-websocket-8.5.34.jar:/Users/adevadiga/.m2/repository/org/hibernate/validator/hibernate-validator/6.0.12.Final/hibernate-validator-6.0.12.Final.jar:/Users/adevadiga/.m2/repository/javax/validation/validation-api/2.0.1.Final/validation-api-2.0.1.Final.jar:/Users/adevadiga/.m2/repository/org/jboss/logging/jboss-logging/3.3.2.Final/jboss-logging-3.3.2.Final.jar:/Users/adevadiga/.m2/repository/com/fasterxml/classmate/1.3.4/classmate-1.3.4.jar:/Users/adevadiga/.m2/repository/org/springframework/spring-web/5.0.9.RELEASE/spring-web-5.0.9.RELEASE.jar:/Users/adevadiga/.m2/repository/org/springframework/spring-beans/5.0.9.RELEASE/spring-beans-5.0.9.RELEASE.jar:/Users/adevadiga/.m2/repository/org/springframework/spring-webmvc/5.0.9.RELEASE/spring-webmvc-5.0.9.RELEASE.jar:/Users/adevadiga/.m2/repository/org/springframework/spring-aop/5.0.9.RELEASE/spring-aop-5.0.9.RELEASE.jar:/Users/adevadiga/.m2/repository/org/springframework/spring-context/5.0.9.RELEASE/spring-context-5.0.9.RELEASE.jar:/Users/adevadiga/.m2/repository/org/springframework/spring-expression/5.0.9.RELEASE/spring-expression-5.0.9.RELEASE.jar:/Users/adevadiga/.m2/repository/org/springframework/boot/spring-boot-starter-test/2.0.5.RELEASE/spring-boot-starter-test-2.0.5.RELEASE.jar:/Users/adevadiga/.m2/repository/org/springframework/boot/spring-boot-test/2.0.5.RELEASE/spring-boot-test-2.0.5.RELEASE.jar:/Users/adevadiga/.m2/repository/org/springframework/boot/spring-boot-test-autoconfigure/2.0.5.RELEASE/spring-boot-test-autoconfigure-2.0.5.RELEASE.jar:/Users/adevadiga/.m2/repository/com/jayway/jsonpath/json-path/2.4.0/json-path-2.4.0.jar:/Users/adevadiga/.m2/repository/net/minidev/json-smart/2.3/json-smart-2.3.jar:/Users/adevadiga/.m2/repository/net/minidev/accessors-smart/1.2/accessors-smart-1.2.jar:/Users/adevadiga/.m2/repository/org/ow2/asm/asm/5.0.4/asm-5.0.4.jar:/Users/adevadiga/.m2/repository/org/slf4j/slf4j-api/1.7.25/slf4j-api-1.7.25.jar:/Users/adevadiga/.m2/repository/junit/junit/4.12/junit-4.12.jar:/Users/adevadiga/.m2/repository/org/assertj/assertj-core/3.9.1/assertj-core-3.9.1.jar:/Users/adevadiga/.m2/repository/org/mockito/mockito-core/2.15.0/mockito-core-2.15.0.jar:/Users/adevadiga/.m2/repository/net/bytebuddy/byte-buddy/1.7.11/byte-buddy-1.7.11.jar:/Users/adevadiga/.m2/repository/net/bytebuddy/byte-buddy-agent/1.7.11/byte-buddy-agent-1.7.11.jar:/Users/adevadiga/.m2/repository/org/objenesis/objenesis/2.6/objenesis-2.6.jar:/Users/adevadiga/.m2/repository/org/hamcrest/hamcrest-core/1.3/hamcrest-core-1.3.jar:/Users/adevadiga/.m2/repository/org/hamcrest/hamcrest-library/1.3/hamcrest-library-1.3.jar:/Users/adevadiga/.m2/repository/org/skyscreamer/jsonassert/1.5.0/jsonassert-1.5.0.jar:/Users/adevadiga/.m2/repository/com/vaadin/external/google/android-json/0.0.20131108.vaadin1/android-json-0.0.20131108.vaadin1.jar:/Users/adevadiga/.m2/repository/org/springframework/spring-core/5.0.9.RELEASE/spring-core-5.0.9.RELEASE.jar:/Users/adevadiga/.m2/repository/org/springframework/spring-jcl/5.0.9.RELEASE/spring-jcl-5.0.9.RELEASE.jar:/Users/adevadiga/.m2/repository/org/springframework/spring-test/5.0.9.RELEASE/spring-test-5.0.9.RELEASE.jar:/Users/adevadiga/.m2/repository/org/xmlunit/xmlunit-core/2.5.1/xmlunit-core-2.5.1.jar:/Users/adevadiga/.m2/repository/com/squareup/retrofit2/retrofit/2.3.0/retrofit-2.3.0.jar:/Users/adevadiga/.m2/repository/com/squareup/okhttp3/okhttp/3.8.0/okhttp-3.8.0.jar:/Users/adevadiga/.m2/repository/com/squareup/okio/okio/1.13.0/okio-1.13.0.jar:/Users/adevadiga/.m2/repository/com/squareup/retrofit2/converter-gson/2.3.0/converter-gson-2.3.0.jar:/Users/adevadiga/.m2/repository/com/google/code/gson/gson/2.8.5/gson-2.8.5.jar:/Users/adevadiga/.m2/repository/com/squareup/retrofit2/adapter-rxjava/2.3.0/adapter-rxjava-2.3.0.jar:/Users/adevadiga/.m2/repository/io/reactivex/rxjava/1.3.8/rxjava-1.3.8.jar:/Users/adevadiga/.m2/repository/com/amazonaws/aws-java-sdk/1.11.163/aws-java-sdk-1.11.163.jar:/Users/adevadiga/.m2/repository/com/amazonaws/aws-java-sdk-dax/1.11.163/aws-java-sdk-dax-1.11.163.jar:/Users/adevadiga/.m2/repository/com/amazonaws/jmespath-java/1.11.163/jmespath-java-1.11.163.jar:/Users/adevadiga/.m2/repository/com/amazonaws/aws-java-sdk-greengrass/1.11.163/aws-java-sdk-greengrass-1.11.163.jar:/Users/adevadiga/.m2/repository/com/amazonaws/aws-java-sdk-athena/1.11.163/aws-java-sdk-athena-1.11.163.jar:/Users/adevadiga/.m2/repository/com/amazonaws/aws-java-sdk-marketplaceentitlement/1.11.163/aws-java-sdk-marketplaceentitlement-1.11.163.jar:/Users/adevadiga/.m2/repository/com/amazonaws/aws-java-sdk-codestar/1.11.163/aws-java-sdk-codestar-1.11.163.jar:/Users/adevadiga/.m2/repository/com/amazonaws/aws-java-sdk-lexmodelbuilding/1.11.163/aws-java-sdk-lexmodelbuilding-1.11.163.jar:/Users/adevadiga/.m2/repository/com/amazonaws/aws-java-sdk-resourcegroupstaggingapi/1.11.163/aws-java-sdk-resourcegroupstaggingapi-1.11.163.jar:/Users/adevadiga/.m2/repository/com/amazonaws/aws-java-sdk-pinpoint/1.11.163/aws-java-sdk-pinpoint-1.11.163.jar:/Users/adevadiga/.m2/repository/com/amazonaws/aws-java-sdk-xray/1.11.163/aws-java-sdk-xray-1.11.163.jar:/Users/adevadiga/.m2/repository/com/amazonaws/aws-java-sdk-opsworkscm/1.11.163/aws-java-sdk-opsworkscm-1.11.163.jar:/Users/adevadiga/.m2/repository/com/amazonaws/aws-java-sdk-support/1.11.163/aws-java-sdk-support-1.11.163.jar:/Users/adevadiga/.m2/repository/com/amazonaws/aws-java-sdk-simpledb/1.11.163/aws-java-sdk-simpledb-1.11.163.jar:/Users/adevadiga/.m2/repository/com/amazonaws/aws-java-sdk-servicecatalog/1.11.163/aws-java-sdk-servicecatalog-1.11.163.jar:/Users/adevadiga/.m2/repository/com/amazonaws/aws-java-sdk-servermigration/1.11.163/aws-java-sdk-servermigration-1.11.163.jar:/Users/adevadiga/.m2/repository/com/amazonaws/aws-java-sdk-simpleworkflow/1.11.163/aws-java-sdk-simpleworkflow-1.11.163.jar:/Users/adevadiga/.m2/repository/com/amazonaws/aws-java-sdk-storagegateway/1.11.163/aws-java-sdk-storagegateway-1.11.163.jar:/Users/adevadiga/.m2/repository/com/amazonaws/aws-java-sdk-route53/1.11.163/aws-java-sdk-route53-1.11.163.jar:/Users/adevadiga/.m2/repository/com/amazonaws/aws-java-sdk-s3/1.11.163/aws-java-sdk-s3-1.11.163.jar:/Users/adevadiga/.m2/repository/com/amazonaws/aws-java-sdk-importexport/1.11.163/aws-java-sdk-importexport-1.11.163.jar:/Users/adevadiga/.m2/repository/com/amazonaws/aws-java-sdk-sts/1.11.163/aws-java-sdk-sts-1.11.163.jar:/Users/adevadiga/.m2/repository/com/amazonaws/aws-java-sdk-sqs/1.11.163/aws-java-sdk-sqs-1.11.163.jar:/Users/adevadiga/.m2/repository/com/amazonaws/aws-java-sdk-rds/1.11.163/aws-java-sdk-rds-1.11.163.jar:/Users/adevadiga/.m2/repository/com/amazonaws/aws-java-sdk-redshift/1.11.163/aws-java-sdk-redshift-1.11.163.jar:/Users/adevadiga/.m2/repository/com/amazonaws/aws-java-sdk-elasticbeanstalk/1.11.163/aws-java-sdk-elasticbeanstalk-1.11.163.jar:/Users/adevadiga/.m2/repository/com/amazonaws/aws-java-sdk-glacier/1.11.163/aws-java-sdk-glacier-1.11.163.jar:/Users/adevadiga/.m2/repository/com/amazonaws/aws-java-sdk-iam/1.11.163/aws-java-sdk-iam-1.11.163.jar:/Users/adevadiga/.m2/repository/com/amazonaws/aws-java-sdk-datapipeline/1.11.163/aws-java-sdk-datapipeline-1.11.163.jar:/Users/adevadiga/.m2/repository/com/amazonaws/aws-java-sdk-elasticloadbalancing/1.11.163/aws-java-sdk-elasticloadbalancing-1.11.163.jar:/Users/adevadiga/.m2/repository/com/amazonaws/aws-java-sdk-elasticloadbalancingv2/1.11.163/aws-java-sdk-elasticloadbalancingv2-1.11.163.jar:/Users/adevadiga/.m2/repository/com/amazonaws/aws-java-sdk-emr/1.11.163/aws-java-sdk-emr-1.11.163.jar:/Users/adevadiga/.m2/repository/com/amazonaws/aws-java-sdk-elasticache/1.11.163/aws-java-sdk-elasticache-1.11.163.jar:/Users/adevadiga/.m2/repository/com/amazonaws/aws-java-sdk-elastictranscoder/1.11.163/aws-java-sdk-elastictranscoder-1.11.163.jar:/Users/adevadiga/.m2/repository/com/amazonaws/aws-java-sdk-ec2/1.11.163/aws-java-sdk-ec2-1.11.163.jar:/Users/adevadiga/.m2/repository/com/amazonaws/aws-java-sdk-dynamodb/1.11.163/aws-java-sdk-dynamodb-1.11.163.jar:/Users/adevadiga/.m2/repository/com/amazonaws/aws-java-sdk-sns/1.11.163/aws-java-sdk-sns-1.11.163.jar:/Users/adevadiga/.m2/repository/com/amazonaws/aws-java-sdk-budgets/1.11.163/aws-java-sdk-budgets-1.11.163.jar:/Users/adevadiga/.m2/repository/com/amazonaws/aws-java-sdk-cloudtrail/1.11.163/aws-java-sdk-cloudtrail-1.11.163.jar:/Users/adevadiga/.m2/repository/com/amazonaws/aws-java-sdk-cloudwatch/1.11.163/aws-java-sdk-cloudwatch-1.11.163.jar:/Users/adevadiga/.m2/repository/com/amazonaws/aws-java-sdk-logs/1.11.163/aws-java-sdk-logs-1.11.163.jar:/Users/adevadiga/.m2/repository/com/amazonaws/aws-java-sdk-events/1.11.163/aws-java-sdk-events-1.11.163.jar:/Users/adevadiga/.m2/repository/com/amazonaws/aws-java-sdk-cognitoidentity/1.11.163/aws-java-sdk-cognitoidentity-1.11.163.jar:/Users/adevadiga/.m2/repository/com/amazonaws/aws-java-sdk-cognitosync/1.11.163/aws-java-sdk-cognitosync-1.11.163.jar:/Users/adevadiga/.m2/repository/com/amazonaws/aws-java-sdk-directconnect/1.11.163/aws-java-sdk-directconnect-1.11.163.jar:/Users/adevadiga/.m2/repository/com/amazonaws/aws-java-sdk-cloudformation/1.11.163/aws-java-sdk-cloudformation-1.11.163.jar:/Users/adevadiga/.m2/repository/com/amazonaws/aws-java-sdk-cloudfront/1.11.163/aws-java-sdk-cloudfront-1.11.163.jar:/Users/adevadiga/.m2/repository/com/amazonaws/aws-java-sdk-clouddirectory/1.11.163/aws-java-sdk-clouddirectory-1.11.163.jar:/Users/adevadiga/.m2/repository/com/amazonaws/aws-java-sdk-kinesis/1.11.163/aws-java-sdk-kinesis-1.11.163.jar:/Users/adevadiga/.m2/repository/com/amazonaws/aws-java-sdk-opsworks/1.11.163/aws-java-sdk-opsworks-1.11.163.jar:/Users/adevadiga/.m2/repository/com/amazonaws/aws-java-sdk-ses/1.11.163/aws-java-sdk-ses-1.11.163.jar:/Users/adevadiga/.m2/repository/com/amazonaws/aws-java-sdk-autoscaling/1.11.163/aws-java-sdk-autoscaling-1.11.163.jar:/Users/adevadiga/.m2/repository/com/amazonaws/aws-java-sdk-cloudsearch/1.11.163/aws-java-sdk-cloudsearch-1.11.163.jar:/Users/adevadiga/.m2/repository/com/amazonaws/aws-java-sdk-cloudwatchmetrics/1.11.163/aws-java-sdk-cloudwatchmetrics-1.11.163.jar:/Users/adevadiga/.m2/repository/com/amazonaws/aws-java-sdk-codedeploy/1.11.163/aws-java-sdk-codedeploy-1.11.163.jar:/Users/adevadiga/.m2/repository/com/amazonaws/aws-java-sdk-codepipeline/1.11.163/aws-java-sdk-codepipeline-1.11.163.jar:/Users/adevadiga/.m2/repository/com/amazonaws/aws-java-sdk-kms/1.11.163/aws-java-sdk-kms-1.11.163.jar:/Users/adevadiga/.m2/repository/com/amazonaws/aws-java-sdk-config/1.11.163/aws-java-sdk-config-1.11.163.jar:/Users/adevadiga/.m2/repository/com/amazonaws/aws-java-sdk-lambda/1.11.163/aws-java-sdk-lambda-1.11.163.jar:/Users/adevadiga/.m2/repository/com/amazonaws/aws-java-sdk-ecs/1.11.163/aws-java-sdk-ecs-1.11.163.jar:/Users/adevadiga/.m2/repository/com/amazonaws/aws-java-sdk-ecr/1.11.163/aws-java-sdk-ecr-1.11.163.jar:/Users/adevadiga/.m2/repository/com/amazonaws/aws-java-sdk-cloudhsm/1.11.163/aws-java-sdk-cloudhsm-1.11.163.jar:/Users/adevadiga/.m2/repository/com/amazonaws/aws-java-sdk-ssm/1.11.163/aws-java-sdk-ssm-1.11.163.jar:/Users/adevadiga/.m2/repository/com/amazonaws/aws-java-sdk-workspaces/1.11.163/aws-java-sdk-workspaces-1.11.163.jar:/Users/adevadiga/.m2/repository/com/amazonaws/aws-java-sdk-machinelearning/1.11.163/aws-java-sdk-machinelearning-1.11.163.jar:/Users/adevadiga/.m2/repository/com/amazonaws/aws-java-sdk-directory/1.11.163/aws-java-sdk-directory-1.11.163.jar:/Users/adevadiga/.m2/repository/com/amazonaws/aws-java-sdk-efs/1.11.163/aws-java-sdk-efs-1.11.163.jar:/Users/adevadiga/.m2/repository/com/amazonaws/aws-java-sdk-codecommit/1.11.163/aws-java-sdk-codecommit-1.11.163.jar:/Users/adevadiga/.m2/repository/com/amazonaws/aws-java-sdk-devicefarm/1.11.163/aws-java-sdk-devicefarm-1.11.163.jar:/Users/adevadiga/.m2/repository/com/amazonaws/aws-java-sdk-elasticsearch/1.11.163/aws-java-sdk-elasticsearch-1.11.163.jar:/Users/adevadiga/.m2/repository/com/amazonaws/aws-java-sdk-waf/1.11.163/aws-java-sdk-waf-1.11.163.jar:/Users/adevadiga/.m2/repository/com/amazonaws/aws-java-sdk-marketplacecommerceanalytics/1.11.163/aws-java-sdk-marketplacecommerceanalytics-1.11.163.jar:/Users/adevadiga/.m2/repository/com/amazonaws/aws-java-sdk-inspector/1.11.163/aws-java-sdk-inspector-1.11.163.jar:/Users/adevadiga/.m2/repository/com/amazonaws/aws-java-sdk-iot/1.11.163/aws-java-sdk-iot-1.11.163.jar:/Users/adevadiga/.m2/repository/com/amazonaws/aws-java-sdk-api-gateway/1.11.163/aws-java-sdk-api-gateway-1.11.163.jar:/Users/adevadiga/.m2/repository/com/amazonaws/aws-java-sdk-acm/1.11.163/aws-java-sdk-acm-1.11.163.jar:/Users/adevadiga/.m2/repository/com/amazonaws/aws-java-sdk-gamelift/1.11.163/aws-java-sdk-gamelift-1.11.163.jar:/Users/adevadiga/.m2/repository/com/amazonaws/aws-java-sdk-dms/1.11.163/aws-java-sdk-dms-1.11.163.jar:/Users/adevadiga/.m2/repository/com/amazonaws/aws-java-sdk-marketplacemeteringservice/1.11.163/aws-java-sdk-marketplacemeteringservice-1.11.163.jar:/Users/adevadiga/.m2/repository/com/amazonaws/aws-java-sdk-cognitoidp/1.11.163/aws-java-sdk-cognitoidp-1.11.163.jar:/Users/adevadiga/.m2/repository/com/amazonaws/aws-java-sdk-discovery/1.11.163/aws-java-sdk-discovery-1.11.163.jar:/Users/adevadiga/.m2/repository/com/amazonaws/aws-java-sdk-applicationautoscaling/1.11.163/aws-java-sdk-applicationautoscaling-1.11.163.jar:/Users/adevadiga/.m2/repository/com/amazonaws/aws-java-sdk-snowball/1.11.163/aws-java-sdk-snowball-1.11.163.jar:/Users/adevadiga/.m2/repository/com/amazonaws/aws-java-sdk-rekognition/1.11.163/aws-java-sdk-rekognition-1.11.163.jar:/Users/adevadiga/.m2/repository/com/amazonaws/aws-java-sdk-polly/1.11.163/aws-java-sdk-polly-1.11.163.jar:/Users/adevadiga/.m2/repository/com/amazonaws/aws-java-sdk-lightsail/1.11.163/aws-java-sdk-lightsail-1.11.163.jar:/Users/adevadiga/.m2/repository/com/amazonaws/aws-java-sdk-stepfunctions/1.11.163/aws-java-sdk-stepfunctions-1.11.163.jar:/Users/adevadiga/.m2/repository/com/amazonaws/aws-java-sdk-health/1.11.163/aws-java-sdk-health-1.11.163.jar:/Users/adevadiga/.m2/repository/com/amazonaws/aws-java-sdk-costandusagereport/1.11.163/aws-java-sdk-costandusagereport-1.11.163.jar:/Users/adevadiga/.m2/repository/com/amazonaws/aws-java-sdk-codebuild/1.11.163/aws-java-sdk-codebuild-1.11.163.jar:/Users/adevadiga/.m2/repository/com/amazonaws/aws-java-sdk-appstream/1.11.163/aws-java-sdk-appstream-1.11.163.jar:/Users/adevadiga/.m2/repository/com/amazonaws/aws-java-sdk-shield/1.11.163/aws-java-sdk-shield-1.11.163.jar:/Users/adevadiga/.m2/repository/com/amazonaws/aws-java-sdk-batch/1.11.163/aws-java-sdk-batch-1.11.163.jar:/Users/adevadiga/.m2/repository/com/amazonaws/aws-java-sdk-lex/1.11.163/aws-java-sdk-lex-1.11.163.jar:/Users/adevadiga/.m2/repository/com/amazonaws/aws-java-sdk-mechanicalturkrequester/1.11.163/aws-java-sdk-mechanicalturkrequester-1.11.163.jar:/Users/adevadiga/.m2/repository/com/amazonaws/aws-java-sdk-organizations/1.11.163/aws-java-sdk-organizations-1.11.163.jar:/Users/adevadiga/.m2/repository/com/amazonaws/aws-java-sdk-workdocs/1.11.163/aws-java-sdk-workdocs-1.11.163.jar:/Users/adevadiga/.m2/repository/com/amazonaws/aws-java-sdk-core/1.11.163/aws-java-sdk-core-1.11.163.jar:/Users/adevadiga/.m2/repository/commons-logging/commons-logging/1.1.3/commons-logging-1.1.3.jar:/Users/adevadiga/.m2/repository/org/apache/httpcomponents/httpclient/4.5.6/httpclient-4.5.6.jar:/Users/adevadiga/.m2/repository/org/apache/httpcomponents/httpcore/4.4.10/httpcore-4.4.10.jar:/Users/adevadiga/.m2/repository/commons-codec/commons-codec/1.11/commons-codec-1.11.jar:/Users/adevadiga/.m2/repository/software/amazon/ion/ion-java/1.0.2/ion-java-1.0.2.jar:/Users/adevadiga/.m2/repository/com/fasterxml/jackson/dataformat/jackson-dataformat-cbor/2.9.6/jackson-dataformat-cbor-2.9.6.jar:/Users/adevadiga/.m2/repository/joda-time/joda-time/2.9.9/joda-time-2.9.9.jar:/Users/adevadiga/.m2/repository/com/amazonaws/aws-java-sdk-models/1.11.163/aws-java-sdk-models-1.11.163.jar:/Users/adevadiga/.m2/repository/com/amazonaws/aws-java-sdk-swf-libraries/1.11.22/aws-java-sdk-swf-libraries-1.11.22.jar:, java.specification.name=Java Platform API Specification, java.class.version=52.0, sun.management.compiler=HotSpot 64-Bit Tiered Compilers, os.version=10.13.4, user.home=/Users/adevadiga, user.timezone=Asia/Kolkata, java.awt.printerjob=sun.lwawt.macosx.CPrinterJob, file.encoding=UTF8, java.specification.version=1.8, java.class.path=/Users/adevadiga/anoopdev/ATLASSIAN/processJira/target/test-classes:/Users/adevadiga/anoopdev/ATLASSIAN/processJira/target/classes:/Users/adevadiga/.m2/repository/org/springframework/boot/spring-boot-starter-web/2.0.5.RELEASE/spring-boot-starter-web-2.0.5.RELEASE.jar:/Users/adevadiga/.m2/repository/org/springframework/boot/spring-boot-starter/2.0.5.RELEASE/spring-boot-starter-2.0.5.RELEASE.jar:/Users/adevadiga/.m2/repository/org/springframework/boot/spring-boot/2.0.5.RELEASE/spring-boot-2.0.5.RELEASE.jar:/Users/adevadiga/.m2/repository/org/springframework/boot/spring-boot-autoconfigure/2.0.5.RELEASE/spring-boot-autoconfigure-2.0.5.RELEASE.jar:/Users/adevadiga/.m2/repository/org/springframework/boot/spring-boot-starter-logging/2.0.5.RELEASE/spring-boot-starter-logging-2.0.5.RELEASE.jar:/Users/adevadiga/.m2/repository/ch/qos/logback/logback-classic/1.2.3/logback-classic-1.2.3.jar:/Users/adevadiga/.m2/repository/ch/qos/logback/logback-core/1.2.3/logback-core-1.2.3.jar:/Users/adevadiga/.m2/repository/org/apache/logging/log4j/log4j-to-slf4j/2.10.0/log4j-to-slf4j-2.10.0.jar:/Users/adevadiga/.m2/repository/org/apache/logging/log4j/log4j-api/2.10.0/log4j-api-2.10.0.jar:/Users/adevadiga/.m2/repository/org/slf4j/jul-to-slf4j/1.7.25/jul-to-slf4j-1.7.25.jar:/Users/adevadiga/.m2/repository/javax/annotation/javax.annotation-api/1.3.2/javax.annotation-api-1.3.2.jar:/Users/adevadiga/.m2/repository/org/yaml/snakeyaml/1.19/snakeyaml-1.19.jar:/Users/adevadiga/.m2/repository/org/springframework/boot/spring-boot-starter-json/2.0.5.RELEASE/spring-boot-starter-json-2.0.5.RELEASE.jar:/Users/adevadiga/.m2/repository/com/fasterxml/jackson/core/jackson-databind/2.9.6/jackson-databind-2.9.6.jar:/Users/adevadiga/.m2/repository/com/fasterxml/jackson/core/jackson-annotations/2.9.0/jackson-annotations-2.9.0.jar:/Users/adevadiga/.m2/repository/com/fasterxml/jackson/core/jackson-core/2.9.6/jackson-core-2.9.6.jar:/Users/adevadiga/.m2/repository/com/fasterxml/jackson/datatype/jackson-datatype-jdk8/2.9.6/jackson-datatype-jdk8-2.9.6.jar:/Users/adevadiga/.m2/repository/com/fasterxml/jackson/datatype/jackson-datatype-jsr310/2.9.6/jackson-datatype-jsr310-2.9.6.jar:/Users/adevadiga/.m2/repository/com/fasterxml/jackson/module/jackson-module-parameter-names/2.9.6/jackson-module-parameter-names-2.9.6.jar:/Users/adevadiga/.m2/repository/org/springframework/boot/spring-boot-starter-tomcat/2.0.5.RELEASE/spring-boot-starter-tomcat-2.0.5.RELEASE.jar:/Users/adevadiga/.m2/repository/org/apache/tomcat/embed/tomcat-embed-core/8.5.34/tomcat-embed-core-8.5.34.jar:/Users/adevadiga/.m2/repository/org/apache/tomcat/embed/tomcat-embed-el/8.5.34/tomcat-embed-el-8.5.34.jar:/Users/adevadiga/.m2/repository/org/apache/tomcat/embed/tomcat-embed-websocket/8.5.34/tomcat-embed-websocket-8.5.34.jar:/Users/adevadiga/.m2/repository/org/hibernate/validator/hibernate-validator/6.0.12.Final/hibernate-validator-6.0.12.Final.jar:/Users/adevadiga/.m2/repository/javax/validation/validation-api/2.0.1.Final/validation-api-2.0.1.Final.jar:/Users/adevadiga/.m2/repository/org/jboss/logging/jboss-logging/3.3.2.Final/jboss-logging-3.3.2.Final.jar:/Users/adevadiga/.m2/repository/com/fasterxml/classmate/1.3.4/classmate-1.3.4.jar:/Users/adevadiga/.m2/repository/org/springframework/spring-web/5.0.9.RELEASE/spring-web-5.0.9.RELEASE.jar:/Users/adevadiga/.m2/repository/org/springframework/spring-beans/5.0.9.RELEASE/spring-beans-5.0.9.RELEASE.jar:/Users/adevadiga/.m2/repository/org/springframework/spring-webmvc/5.0.9.RELEASE/spring-webmvc-5.0.9.RELEASE.jar:/Users/adevadiga/.m2/repository/org/springframework/spring-aop/5.0.9.RELEASE/spring-aop-5.0.9.RELEASE.jar:/Users/adevadiga/.m2/repository/org/springframework/spring-context/5.0.9.RELEASE/spring-context-5.0.9.RELEASE.jar:/Users/adevadiga/.m2/repository/org/springframework/spring-expression/5.0.9.RELEASE/spring-expression-5.0.9.RELEASE.jar:/Users/adevadiga/.m2/repository/org/springframework/boot/spring-boot-starter-test/2.0.5.RELEASE/spring-boot-starter-test-2.0.5.RELEASE.jar:/Users/adevadiga/.m2/repository/org/springframework/boot/spring-boot-test/2.0.5.RELEASE/spring-boot-test-2.0.5.RELEASE.jar:/Users/adevadiga/.m2/repository/org/springframework/boot/spring-boot-test-autoconfigure/2.0.5.RELEASE/spring-boot-test-autoconfigure-2.0.5.RELEASE.jar:/Users/adevadiga/.m2/repository/com/jayway/jsonpath/json-path/2.4.0/json-path-2.4.0.jar:/Users/adevadiga/.m2/repository/net/minidev/json-smart/2.3/json-smart-2.3.jar:/Users/adevadiga/.m2/repository/net/minidev/accessors-smart/1.2/accessors-smart-1.2.jar:/Users/adevadiga/.m2/repository/org/ow2/asm/asm/5.0.4/asm-5.0.4.jar:/Users/adevadiga/.m2/repository/org/slf4j/slf4j-api/1.7.25/slf4j-api-1.7.25.jar:/Users/adevadiga/.m2/repository/junit/junit/4.12/junit-4.12.jar:/Users/adevadiga/.m2/repository/org/assertj/assertj-core/3.9.1/assertj-core-3.9.1.jar:/Users/adevadiga/.m2/repository/org/mockito/mockito-core/2.15.0/mockito-core-2.15.0.jar:/Users/adevadiga/.m2/repository/net/bytebuddy/byte-buddy/1.7.11/byte-buddy-1.7.11.jar:/Users/adevadiga/.m2/repository/net/bytebuddy/byte-buddy-agent/1.7.11/byte-buddy-agent-1.7.11.jar:/Users/adevadiga/.m2/repository/org/objenesis/objenesis/2.6/objenesis-2.6.jar:/Users/adevadiga/.m2/repository/org/hamcrest/hamcrest-core/1.3/hamcrest-core-1.3.jar:/Users/adevadiga/.m2/repository/org/hamcrest/hamcrest-library/1.3/hamcrest-library-1.3.jar:/Users/adevadiga/.m2/repository/org/skyscreamer/jsonassert/1.5.0/jsonassert-1.5.0.jar:/Users/adevadiga/.m2/repository/com/vaadin/external/google/android-json/0.0.20131108.vaadin1/android-json-0.0.20131108.vaadin1.jar:/Users/adevadiga/.m2/repository/org/springframework/spring-core/5.0.9.RELEASE/spring-core-5.0.9.RELEASE.jar:/Users/adevadiga/.m2/repository/org/springframework/spring-jcl/5.0.9.RELEASE/spring-jcl-5.0.9.RELEASE.jar:/Users/adevadiga/.m2/repository/org/springframework/spring-test/5.0.9.RELEASE/spring-test-5.0.9.RELEASE.jar:/Users/adevadiga/.m2/repository/org/xmlunit/xmlunit-core/2.5.1/xmlunit-core-2.5.1.jar:/Users/adevadiga/.m2/repository/com/squareup/retrofit2/retrofit/2.3.0/retrofit-2.3.0.jar:/Users/adevadiga/.m2/repository/com/squareup/okhttp3/okhttp/3.8.0/okhttp-3.8.0.jar:/Users/adevadiga/.m2/repository/com/squareup/okio/okio/1.13.0/okio-1.13.0.jar:/Users/adevadiga/.m2/repository/com/squareup/retrofit2/converter-gson/2.3.0/converter-gson-2.3.0.jar:/Users/adevadiga/.m2/repository/com/google/code/gson/gson/2.8.5/gson-2.8.5.jar:/Users/adevadiga/.m2/repository/com/squareup/retrofit2/adapter-rxjava/2.3.0/adapter-rxjava-2.3.0.jar:/Users/adevadiga/.m2/repository/io/reactivex/rxjava/1.3.8/rxjava-1.3.8.jar:/Users/adevadiga/.m2/repository/com/amazonaws/aws-java-sdk/1.11.163/aws-java-sdk-1.11.163.jar:/Users/adevadiga/.m2/repository/com/amazonaws/aws-java-sdk-dax/1.11.163/aws-java-sdk-dax-1.11.163.jar:/Users/adevadiga/.m2/repository/com/amazonaws/jmespath-java/1.11.163/jmespath-java-1.11.163.jar:/Users/adevadiga/.m2/repository/com/amazonaws/aws-java-sdk-greengrass/1.11.163/aws-java-sdk-greengrass-1.11.163.jar:/Users/adevadiga/.m2/repository/com/amazonaws/aws-java-sdk-athena/1.11.163/aws-java-sdk-athena-1.11.163.jar:/Users/adevadiga/.m2/repository/com/amazonaws/aws-java-sdk-marketplaceentitlement/1.11.163/aws-java-sdk-marketplaceentitlement-1.11.163.jar:/Users/adevadiga/.m2/repository/com/amazonaws/aws-java-sdk-codestar/1.11.163/aws-java-sdk-codestar-1.11.163.jar:/Users/adevadiga/.m2/repository/com/amazonaws/aws-java-sdk-lexmodelbuilding/1.11.163/aws-java-sdk-lexmodelbuilding-1.11.163.jar:/Users/adevadiga/.m2/repository/com/amazonaws/aws-java-sdk-resourcegroupstaggingapi/1.11.163/aws-java-sdk-resourcegroupstaggingapi-1.11.163.jar:/Users/adevadiga/.m2/repository/com/amazonaws/aws-java-sdk-pinpoint/1.11.163/aws-java-sdk-pinpoint-1.11.163.jar:/Users/adevadiga/.m2/repository/com/amazonaws/aws-java-sdk-xray/1.11.163/aws-java-sdk-xray-1.11.163.jar:/Users/adevadiga/.m2/repository/com/amazonaws/aws-java-sdk-opsworkscm/1.11.163/aws-java-sdk-opsworkscm-1.11.163.jar:/Users/adevadiga/.m2/repository/com/amazonaws/aws-java-sdk-support/1.11.163/aws-java-sdk-support-1.11.163.jar:/Users/adevadiga/.m2/repository/com/amazonaws/aws-java-sdk-simpledb/1.11.163/aws-java-sdk-simpledb-1.11.163.jar:/Users/adevadiga/.m2/repository/com/amazonaws/aws-java-sdk-servicecatalog/1.11.163/aws-java-sdk-servicecatalog-1.11.163.jar:/Users/adevadiga/.m2/repository/com/amazonaws/aws-java-sdk-servermigration/1.11.163/aws-java-sdk-servermigration-1.11.163.jar:/Users/adevadiga/.m2/repository/com/amazonaws/aws-java-sdk-simpleworkflow/1.11.163/aws-java-sdk-simpleworkflow-1.11.163.jar:/Users/adevadiga/.m2/repository/com/amazonaws/aws-java-sdk-storagegateway/1.11.163/aws-java-sdk-storagegateway-1.11.163.jar:/Users/adevadiga/.m2/repository/com/amazonaws/aws-java-sdk-route53/1.11.163/aws-java-sdk-route53-1.11.163.jar:/Users/adevadiga/.m2/repository/com/amazonaws/aws-java-sdk-s3/1.11.163/aws-java-sdk-s3-1.11.163.jar:/Users/adevadiga/.m2/repository/com/amazonaws/aws-java-sdk-importexport/1.11.163/aws-java-sdk-importexport-1.11.163.jar:/Users/adevadiga/.m2/repository/com/amazonaws/aws-java-sdk-sts/1.11.163/aws-java-sdk-sts-1.11.163.jar:/Users/adevadiga/.m2/repository/com/amazonaws/aws-java-sdk-sqs/1.11.163/aws-java-sdk-sqs-1.11.163.jar:/Users/adevadiga/.m2/repository/com/amazonaws/aws-java-sdk-rds/1.11.163/aws-java-sdk-rds-1.11.163.jar:/Users/adevadiga/.m2/repository/com/amazonaws/aws-java-sdk-redshift/1.11.163/aws-java-sdk-redshift-1.11.163.jar:/Users/adevadiga/.m2/repository/com/amazonaws/aws-java-sdk-elasticbeanstalk/1.11.163/aws-java-sdk-elasticbeanstalk-1.11.163.jar:/Users/adevadiga/.m2/repository/com/amazonaws/aws-java-sdk-glacier/1.11.163/aws-java-sdk-glacier-1.11.163.jar:/Users/adevadiga/.m2/repository/com/amazonaws/aws-java-sdk-iam/1.11.163/aws-java-sdk-iam-1.11.163.jar:/Users/adevadiga/.m2/repository/com/amazonaws/aws-java-sdk-datapipeline/1.11.163/aws-java-sdk-datapipeline-1.11.163.jar:/Users/adevadiga/.m2/repository/com/amazonaws/aws-java-sdk-elasticloadbalancing/1.11.163/aws-java-sdk-elasticloadbalancing-1.11.163.jar:/Users/adevadiga/.m2/repository/com/amazonaws/aws-java-sdk-elasticloadbalancingv2/1.11.163/aws-java-sdk-elasticloadbalancingv2-1.11.163.jar:/Users/adevadiga/.m2/repository/com/amazonaws/aws-java-sdk-emr/1.11.163/aws-java-sdk-emr-1.11.163.jar:/Users/adevadiga/.m2/repository/com/amazonaws/aws-java-sdk-elasticache/1.11.163/aws-java-sdk-elasticache-1.11.163.jar:/Users/adevadiga/.m2/repository/com/amazonaws/aws-java-sdk-elastictranscoder/1.11.163/aws-java-sdk-elastictranscoder-1.11.163.jar:/Users/adevadiga/.m2/repository/com/amazonaws/aws-java-sdk-ec2/1.11.163/aws-java-sdk-ec2-1.11.163.jar:/Users/adevadiga/.m2/repository/com/amazonaws/aws-java-sdk-dynamodb/1.11.163/aws-java-sdk-dynamodb-1.11.163.jar:/Users/adevadiga/.m2/repository/com/amazonaws/aws-java-sdk-sns/1.11.163/aws-java-sdk-sns-1.11.163.jar:/Users/adevadiga/.m2/repository/com/amazonaws/aws-java-sdk-budgets/1.11.163/aws-java-sdk-budgets-1.11.163.jar:/Users/adevadiga/.m2/repository/com/amazonaws/aws-java-sdk-cloudtrail/1.11.163/aws-java-sdk-cloudtrail-1.11.163.jar:/Users/adevadiga/.m2/repository/com/amazonaws/aws-java-sdk-cloudwatch/1.11.163/aws-java-sdk-cloudwatch-1.11.163.jar:/Users/adevadiga/.m2/repository/com/amazonaws/aws-java-sdk-logs/1.11.163/aws-java-sdk-logs-1.11.163.jar:/Users/adevadiga/.m2/repository/com/amazonaws/aws-java-sdk-events/1.11.163/aws-java-sdk-events-1.11.163.jar:/Users/adevadiga/.m2/repository/com/amazonaws/aws-java-sdk-cognitoidentity/1.11.163/aws-java-sdk-cognitoidentity-1.11.163.jar:/Users/adevadiga/.m2/repository/com/amazonaws/aws-java-sdk-cognitosync/1.11.163/aws-java-sdk-cognitosync-1.11.163.jar:/Users/adevadiga/.m2/repository/com/amazonaws/aws-java-sdk-directconnect/1.11.163/aws-java-sdk-directconnect-1.11.163.jar:/Users/adevadiga/.m2/repository/com/amazonaws/aws-java-sdk-cloudformation/1.11.163/aws-java-sdk-cloudformation-1.11.163.jar:/Users/adevadiga/.m2/repository/com/amazonaws/aws-java-sdk-cloudfront/1.11.163/aws-java-sdk-cloudfront-1.11.163.jar:/Users/adevadiga/.m2/repository/com/amazonaws/aws-java-sdk-clouddirectory/1.11.163/aws-java-sdk-clouddirectory-1.11.163.jar:/Users/adevadiga/.m2/repository/com/amazonaws/aws-java-sdk-kinesis/1.11.163/aws-java-sdk-kinesis-1.11.163.jar:/Users/adevadiga/.m2/repository/com/amazonaws/aws-java-sdk-opsworks/1.11.163/aws-java-sdk-opsworks-1.11.163.jar:/Users/adevadiga/.m2/repository/com/amazonaws/aws-java-sdk-ses/1.11.163/aws-java-sdk-ses-1.11.163.jar:/Users/adevadiga/.m2/repository/com/amazonaws/aws-java-sdk-autoscaling/1.11.163/aws-java-sdk-autoscaling-1.11.163.jar:/Users/adevadiga/.m2/repository/com/amazonaws/aws-java-sdk-cloudsearch/1.11.163/aws-java-sdk-cloudsearch-1.11.163.jar:/Users/adevadiga/.m2/repository/com/amazonaws/aws-java-sdk-cloudwatchmetrics/1.11.163/aws-java-sdk-cloudwatchmetrics-1.11.163.jar:/Users/adevadiga/.m2/repository/com/amazonaws/aws-java-sdk-codedeploy/1.11.163/aws-java-sdk-codedeploy-1.11.163.jar:/Users/adevadiga/.m2/repository/com/amazonaws/aws-java-sdk-codepipeline/1.11.163/aws-java-sdk-codepipeline-1.11.163.jar:/Users/adevadiga/.m2/repository/com/amazonaws/aws-java-sdk-kms/1.11.163/aws-java-sdk-kms-1.11.163.jar:/Users/adevadiga/.m2/repository/com/amazonaws/aws-java-sdk-config/1.11.163/aws-java-sdk-config-1.11.163.jar:/Users/adevadiga/.m2/repository/com/amazonaws/aws-java-sdk-lambda/1.11.163/aws-java-sdk-lambda-1.11.163.jar:/Users/adevadiga/.m2/repository/com/amazonaws/aws-java-sdk-ecs/1.11.163/aws-java-sdk-ecs-1.11.163.jar:/Users/adevadiga/.m2/repository/com/amazonaws/aws-java-sdk-ecr/1.11.163/aws-java-sdk-ecr-1.11.163.jar:/Users/adevadiga/.m2/repository/com/amazonaws/aws-java-sdk-cloudhsm/1.11.163/aws-java-sdk-cloudhsm-1.11.163.jar:/Users/adevadiga/.m2/repository/com/amazonaws/aws-java-sdk-ssm/1.11.163/aws-java-sdk-ssm-1.11.163.jar:/Users/adevadiga/.m2/repository/com/amazonaws/aws-java-sdk-workspaces/1.11.163/aws-java-sdk-workspaces-1.11.163.jar:/Users/adevadiga/.m2/repository/com/amazonaws/aws-java-sdk-machinelearning/1.11.163/aws-java-sdk-machinelearning-1.11.163.jar:/Users/adevadiga/.m2/repository/com/amazonaws/aws-java-sdk-directory/1.11.163/aws-java-sdk-directory-1.11.163.jar:/Users/adevadiga/.m2/repository/com/amazonaws/aws-java-sdk-efs/1.11.163/aws-java-sdk-efs-1.11.163.jar:/Users/adevadiga/.m2/repository/com/amazonaws/aws-java-sdk-codecommit/1.11.163/aws-java-sdk-codecommit-1.11.163.jar:/Users/adevadiga/.m2/repository/com/amazonaws/aws-java-sdk-devicefarm/1.11.163/aws-java-sdk-devicefarm-1.11.163.jar:/Users/adevadiga/.m2/repository/com/amazonaws/aws-java-sdk-elasticsearch/1.11.163/aws-java-sdk-elasticsearch-1.11.163.jar:/Users/adevadiga/.m2/repository/com/amazonaws/aws-java-sdk-waf/1.11.163/aws-java-sdk-waf-1.11.163.jar:/Users/adevadiga/.m2/repository/com/amazonaws/aws-java-sdk-marketplacecommerceanalytics/1.11.163/aws-java-sdk-marketplacecommerceanalytics-1.11.163.jar:/Users/adevadiga/.m2/repository/com/amazonaws/aws-java-sdk-inspector/1.11.163/aws-java-sdk-inspector-1.11.163.jar:/Users/adevadiga/.m2/repository/com/amazonaws/aws-java-sdk-iot/1.11.163/aws-java-sdk-iot-1.11.163.jar:/Users/adevadiga/.m2/repository/com/amazonaws/aws-java-sdk-api-gateway/1.11.163/aws-java-sdk-api-gateway-1.11.163.jar:/Users/adevadiga/.m2/repository/com/amazonaws/aws-java-sdk-acm/1.11.163/aws-java-sdk-acm-1.11.163.jar:/Users/adevadiga/.m2/repository/com/amazonaws/aws-java-sdk-gamelift/1.11.163/aws-java-sdk-gamelift-1.11.163.jar:/Users/adevadiga/.m2/repository/com/amazonaws/aws-java-sdk-dms/1.11.163/aws-java-sdk-dms-1.11.163.jar:/Users/adevadiga/.m2/repository/com/amazonaws/aws-java-sdk-marketplacemeteringservice/1.11.163/aws-java-sdk-marketplacemeteringservice-1.11.163.jar:/Users/adevadiga/.m2/repository/com/amazonaws/aws-java-sdk-cognitoidp/1.11.163/aws-java-sdk-cognitoidp-1.11.163.jar:/Users/adevadiga/.m2/repository/com/amazonaws/aws-java-sdk-discovery/1.11.163/aws-java-sdk-discovery-1.11.163.jar:/Users/adevadiga/.m2/repository/com/amazonaws/aws-java-sdk-applicationautoscaling/1.11.163/aws-java-sdk-applicationautoscaling-1.11.163.jar:/Users/adevadiga/.m2/repository/com/amazonaws/aws-java-sdk-snowball/1.11.163/aws-java-sdk-snowball-1.11.163.jar:/Users/adevadiga/.m2/repository/com/amazonaws/aws-java-sdk-rekognition/1.11.163/aws-java-sdk-rekognition-1.11.163.jar:/Users/adevadiga/.m2/repository/com/amazonaws/aws-java-sdk-polly/1.11.163/aws-java-sdk-polly-1.11.163.jar:/Users/adevadiga/.m2/repository/com/amazonaws/aws-java-sdk-lightsail/1.11.163/aws-java-sdk-lightsail-1.11.163.jar:/Users/adevadiga/.m2/repository/com/amazonaws/aws-java-sdk-stepfunctions/1.11.163/aws-java-sdk-stepfunctions-1.11.163.jar:/Users/adevadiga/.m2/repository/com/amazonaws/aws-java-sdk-health/1.11.163/aws-java-sdk-health-1.11.163.jar:/Users/adevadiga/.m2/repository/com/amazonaws/aws-java-sdk-costandusagereport/1.11.163/aws-java-sdk-costandusagereport-1.11.163.jar:/Users/adevadiga/.m2/repository/com/amazonaws/aws-java-sdk-codebuild/1.11.163/aws-java-sdk-codebuild-1.11.163.jar:/Users/adevadiga/.m2/repository/com/amazonaws/aws-java-sdk-appstream/1.11.163/aws-java-sdk-appstream-1.11.163.jar:/Users/adevadiga/.m2/repository/com/amazonaws/aws-java-sdk-shield/1.11.163/aws-java-sdk-shield-1.11.163.jar:/Users/adevadiga/.m2/repository/com/amazonaws/aws-java-sdk-batch/1.11.163/aws-java-sdk-batch-1.11.163.jar:/Users/adevadiga/.m2/repository/com/amazonaws/aws-java-sdk-lex/1.11.163/aws-java-sdk-lex-1.11.163.jar:/Users/adevadiga/.m2/repository/com/amazonaws/aws-java-sdk-mechanicalturkrequester/1.11.163/aws-java-sdk-mechanicalturkrequester-1.11.163.jar:/Users/adevadiga/.m2/repository/com/amazonaws/aws-java-sdk-organizations/1.11.163/aws-java-sdk-organizations-1.11.163.jar:/Users/adevadiga/.m2/repository/com/amazonaws/aws-java-sdk-workdocs/1.11.163/aws-java-sdk-workdocs-1.11.163.jar:/Users/adevadiga/.m2/repository/com/amazonaws/aws-java-sdk-core/1.11.163/aws-java-sdk-core-1.11.163.jar:/Users/adevadiga/.m2/repository/commons-logging/commons-logging/1.1.3/commons-logging-1.1.3.jar:/Users/adevadiga/.m2/repository/org/apache/httpcomponents/httpclient/4.5.6/httpclient-4.5.6.jar:/Users/adevadiga/.m2/repository/org/apache/httpcomponents/httpcore/4.4.10/httpcore-4.4.10.jar:/Users/adevadiga/.m2/repository/commons-codec/commons-codec/1.11/commons-codec-1.11.jar:/Users/adevadiga/.m2/repository/software/amazon/ion/ion-java/1.0.2/ion-java-1.0.2.jar:/Users/adevadiga/.m2/repository/com/fasterxml/jackson/dataformat/jackson-dataformat-cbor/2.9.6/jackson-dataformat-cbor-2.9.6.jar:/Users/adevadiga/.m2/repository/joda-time/joda-time/2.9.9/joda-time-2.9.9.jar:/Users/adevadiga/.m2/repository/com/amazonaws/aws-java-sdk-models/1.11.163/aws-java-sdk-models-1.11.163.jar:/Users/adevadiga/.m2/repository/com/amazonaws/aws-java-sdk-swf-libraries/1.11.22/aws-java-sdk-swf-libraries-1.11.22.jar:, user.name=adevadiga, java.vm.specification.version=1.8, sun.java.command=/Users/adevadiga/anoopdev/ATLASSIAN/processJira/target/surefire/surefirebooter7035302006277684626.jar /Users/adevadiga/anoopdev/ATLASSIAN/processJira/target/surefire 2018-10-28T17-05-41_554-jvmRun1 surefire133337408425556395tmp surefire_06081517548256728256tmp, java.home=/Library/Java/JavaVirtualMachines/jdk1.8.0_91.jdk/Contents/Home/jre, sun.arch.data.model=64, user.language=en, java.specification.vendor=Oracle Corporation, awt.toolkit=sun.lwawt.macosx.LWCToolkit, java.vm.info=mixed mode, java.version=1.8.0_91, java.ext.dirs=/Users/adevadiga/Library/Java/Extensions:/Library/Java/JavaVirtualMachines/jdk1.8.0_91.jdk/Contents/Home/jre/lib/ext:/Library/Java/Extensions:/Network/Library/Java/Extensions:/System/Library/Java/Extensions:/usr/lib/java, sun.boot.class.path=/Library/Java/JavaVirtualMachines/jdk1.8.0_91.jdk/Contents/Home/jre/lib/resources.jar:/Library/Java/JavaVirtualMachines/jdk1.8.0_91.jdk/Contents/Home/jre/lib/rt.jar:/Library/Java/JavaVirtualMachines/jdk1.8.0_91.jdk/Contents/Home/jre/lib/sunrsasign.jar:/Library/Java/JavaVirtualMachines/jdk1.8.0_91.jdk/Contents/Home/jre/lib/jsse.jar:/Library/Java/JavaVirtualMachines/jdk1.8.0_91.jdk/Contents/Home/jre/lib/jce.jar:/Library/Java/JavaVirtualMachines/jdk1.8.0_91.jdk/Contents/Home/jre/lib/charsets.jar:/Library/Java/JavaVirtualMachines/jdk1.8.0_91.jdk/Contents/Home/jre/lib/jfr.jar:/Library/Java/JavaVirtualMachines/jdk1.8.0_91.jdk/Contents/Home/jre/classes, java.vendor=Oracle Corporation, localRepository=/Users/adevadiga/.m2/repository, file.separator=/, java.vendor.url.bug=http://bugreport.sun.com/bugreport/, sun.io.unicode.encoding=UnicodeBig, sun.cpu.endian=little, sun.cpu.isalist=}}, SystemEnvironmentPropertySource@1126185196 {name='systemEnvironment', properties={PATH=/Users/adevadiga/dev/qbo/src/build/bin:/Library/Java/JavaVirtualMachines/jdk1.8.0_91.jdk/Contents/Home/bin:/Users/adevadiga/dev/qbo/src/qbo/build:/Users/adevadiga/dev/qbo/src/build/bin:/Library/Java/JavaVirtualMachines/jdk1.8.0_91.jdk/Contents/Home/bin:/Users/adevadiga/dev/qbo/src/qbo/build:/Users/adevadiga/dev/qbo/src/build/bin:/Library/Java/JavaVirtualMachines/jdk1.8.0_91.jdk/Contents/Home/bin:/Users/adevadiga/dev/qbo/src/qbo/build:/Users/adevadiga/dev/qbo/src/build/bin:/Library/Java/JavaVirtualMachines/jdk1.8.0_91.jdk/Contents/Home/bin:/Users/adevadiga/dev/qbo/src/qbo/build:/Users/adevadiga/dev/qbo/src/build/bin:/Library/Java/JavaVirtualMachines/jdk1.8.0_91.jdk/Contents/Home/bin:/Users/adevadiga/dev/qbo/src/qbo/build:/anaconda/bin:/Users/adevadiga/.nvm/versions/node/v8.9.1/bin:/usr/local/bin:/usr/bin:/bin:/usr/sbin:/sbin:/bin, JAVAROOT=/Library/Java/JavaVirtualMachines/jdk1.8.0_91.jdk/Contents/Home, QBNSERVER=tomcat, ANT_OPTS=-Xmx2048mm -Xms512m, QBN2_SCM=1, LOGNAME=adevadiga, PWD=/Users/adevadiga/anoopdev/ATLASSIAN/processJira, TERM_PROGRAM_VERSION=404, JDOM_JAR=jdom-1.0.jar, NVM_CD_FLAGS=, SHELL=/usr/local/bin/bash, OLDPWD=/Users/adevadiga/anoopdev/ATLASSIAN/processJira, SECURITYSESSIONID=186a8, TMPDIR=/var/folders/q0/jtz_2n2s7zb5f6wjb4sqrn78w27bx8/T/, XPC_FLAGS=0x0, QBOCONFIG=unix, TERM_SESSION_ID=E87D1E90-1028-4D28-9B36-5BCFCFD05AAD, NVM_IOJS_ORG_MIRROR=https://iojs.org/dist, __CF_USER_TEXT_ENCODING=0x3823AFA8:0x0:0x0, QBOROOT=/Users/adevadiga/dev/qbo, Apple_PubSub_Socket_Render=/private/tmp/com.apple.launchd.aLMSFtbDoF/Render, JAVA_MAIN_CLASS_589=org.codehaus.plexus.classworlds.launcher.Launcher, SHLVL=2, MANPATH=/Users/adevadiga/.nvm/versions/node/v8.9.1/share/man:/usr/local/share/man:/usr/share/man:/Library/Developer/CommandLineTools/usr/share/man, JAVA_HOME=/Library/Java/JavaVirtualMachines/jdk1.8.0_91.jdk/Contents/Home, TERM=xterm-256color, QBNBASE=/Users/adevadiga/dev/qbo/src, JAKARTA_DISCOVERY=0.2, LANG=en_US.UTF-8, MAVEN_OPTS= -Xmx4096m -Xms512m -Djavax.xml.accessExternalSchema=all, JDK=/Library/Java/JavaVirtualMachines/jdk1.8.0_91.jdk/Contents/Home/lib, JAVA_TOOL_OPTIONS=-Dfile.encoding=UTF8, QBNHOME=/Users/adevadiga/dev/qbo/rt, NVM_NODEJS_ORG_MIRROR=https://nodejs.org/dist, XPC_SERVICE_NAME=0, MAVEN_CMD_LINE_ARGS= -s /Users/adevadiga/dev/qbo/src/qbo/settings.xml test, QBO_JVM8=true, JAVA_MAIN_CLASS_610=org.apache.maven.surefire.booter.ForkedBooter, _=/Library/Java/JavaVirtualMachines/jdk1.8.0_91.jdk/Contents/Home/jre/bin/java, OEM_AXIS=1.2, NVM_DIR=/Users/adevadiga/.nvm, TERM_PROGRAM=Apple_Terminal, MAVEN_PROJECTBASEDIR=/Users/adevadiga/anoopdev/ATLASSIAN, USER=adevadiga, WINKIN_DOJO=1, DEBUG=1, SSH_AUTH_SOCK=/private/tmp/com.apple.launchd.1Ua3YlrzS9/Listeners, QBNCONFIG=unix, NVM_BIN=/Users/adevadiga/.nvm/versions/node/v8.9.1/bin, WINKIN_UI=1, HOME=/Users/adevadiga}}]
17:05:44.058 [main] DEBUG org.springframework.core.io.support.PathMatchingResourcePatternResolver - Resolved classpath location [com/anoop/] to resources [URL [file:/Users/adevadiga/anoopdev/ATLASSIAN/processJira/target/test-classes/com/anoop/], URL [file:/Users/adevadiga/anoopdev/ATLASSIAN/processJira/target/classes/com/anoop/]]
17:05:44.059 [main] DEBUG org.springframework.core.io.support.PathMatchingResourcePatternResolver - Looking for matching resources in directory tree [/Users/adevadiga/anoopdev/ATLASSIAN/processJira/target/test-classes/com/anoop]
17:05:44.059 [main] DEBUG org.springframework.core.io.support.PathMatchingResourcePatternResolver - Searching directory [/Users/adevadiga/anoopdev/ATLASSIAN/processJira/target/test-classes/com/anoop] for files matching pattern [/Users/adevadiga/anoopdev/ATLASSIAN/processJira/target/test-classes/com/anoop/*.class]
17:05:44.066 [main] DEBUG org.springframework.core.io.support.PathMatchingResourcePatternResolver - Looking for matching resources in directory tree [/Users/adevadiga/anoopdev/ATLASSIAN/processJira/target/classes/com/anoop]
17:05:44.066 [main] DEBUG org.springframework.core.io.support.PathMatchingResourcePatternResolver - Searching directory [/Users/adevadiga/anoopdev/ATLASSIAN/processJira/target/classes/com/anoop] for files matching pattern [/Users/adevadiga/anoopdev/ATLASSIAN/processJira/target/classes/com/anoop/*.class]
17:05:44.067 [main] DEBUG org.springframework.core.io.support.PathMatchingResourcePatternResolver - Resolved location pattern [classpath*:com/anoop/*.class] to resources [file [/Users/adevadiga/anoopdev/ATLASSIAN/processJira/target/test-classes/com/anoop/DemoControllerTest.class], file [/Users/adevadiga/anoopdev/ATLASSIAN/processJira/target/classes/com/anoop/CSTApplication.class]]
17:05:44.193 [main] DEBUG org.springframework.context.annotation.ClassPathScanningCandidateComponentProvider - Identified candidate component class: file [/Users/adevadiga/anoopdev/ATLASSIAN/processJira/target/classes/com/anoop/CSTApplication.class]
17:05:44.195 [main] INFO org.springframework.boot.test.context.SpringBootTestContextBootstrapper - Found @SpringBootConfiguration com.anoop.CSTApplication for test class com.anoop.DemoControllerTest
17:05:44.442 [main] DEBUG org.springframework.boot.test.context.SpringBootTestContextBootstrapper - @TestExecutionListeners is not present for class [com.anoop.DemoControllerTest]: using defaults.
17:05:44.443 [main] INFO org.springframework.boot.test.context.SpringBootTestContextBootstrapper - Loaded default TestExecutionListener class names from location [META-INF/spring.factories]: [org.springframework.boot.test.mock.mockito.MockitoTestExecutionListener, org.springframework.boot.test.mock.mockito.ResetMocksTestExecutionListener, org.springframework.boot.test.autoconfigure.restdocs.RestDocsTestExecutionListener, org.springframework.boot.test.autoconfigure.web.client.MockRestServiceServerResetTestExecutionListener, org.springframework.boot.test.autoconfigure.web.servlet.MockMvcPrintOnlyOnFailureTestExecutionListener, org.springframework.boot.test.autoconfigure.web.servlet.WebDriverTestExecutionListener, org.springframework.test.context.web.ServletTestExecutionListener, org.springframework.test.context.support.DirtiesContextBeforeModesTestExecutionListener, org.springframework.test.context.support.DependencyInjectionTestExecutionListener, org.springframework.test.context.support.DirtiesContextTestExecutionListener, org.springframework.test.context.transaction.TransactionalTestExecutionListener, org.springframework.test.context.jdbc.SqlScriptsTestExecutionListener]
17:05:44.458 [main] DEBUG org.springframework.boot.test.context.SpringBootTestContextBootstrapper - Skipping candidate TestExecutionListener [org.springframework.test.context.transaction.TransactionalTestExecutionListener] due to a missing dependency. Specify custom listener classes or make the default listener classes and their required dependencies available. Offending class: [org/springframework/transaction/interceptor/TransactionAttributeSource]
17:05:44.459 [main] DEBUG org.springframework.boot.test.context.SpringBootTestContextBootstrapper - Skipping candidate TestExecutionListener [org.springframework.test.context.jdbc.SqlScriptsTestExecutionListener] due to a missing dependency. Specify custom listener classes or make the default listener classes and their required dependencies available. Offending class: [org/springframework/transaction/interceptor/TransactionAttribute]
17:05:44.459 [main] INFO org.springframework.boot.test.context.SpringBootTestContextBootstrapper - Using TestExecutionListeners: [org.springframework.test.context.web.ServletTestExecutionListener@f001896, org.springframework.test.context.support.DirtiesContextBeforeModesTestExecutionListener@13f17eb4, org.springframework.boot.test.mock.mockito.MockitoTestExecutionListener@1d0d6318, org.springframework.boot.test.autoconfigure.SpringBootDependencyInjectionTestExecutionListener@4bc28c33, org.springframework.test.context.support.DirtiesContextTestExecutionListener@4409e975, org.springframework.boot.test.mock.mockito.ResetMocksTestExecutionListener@5c153b9e, org.springframework.boot.test.autoconfigure.restdocs.RestDocsTestExecutionListener@2a7686a7, org.springframework.boot.test.autoconfigure.web.client.MockRestServiceServerResetTestExecutionListener@758a34ce, org.springframework.boot.test.autoconfigure.web.servlet.MockMvcPrintOnlyOnFailureTestExecutionListener@7ec3394b, org.springframework.boot.test.autoconfigure.web.servlet.WebDriverTestExecutionListener@bff34c6]
17:05:44.462 [main] DEBUG org.springframework.test.annotation.ProfileValueUtils - Retrieved @ProfileValueSourceConfiguration [null] for test class [com.anoop.DemoControllerTest]
17:05:44.462 [main] DEBUG org.springframework.test.annotation.ProfileValueUtils - Retrieved ProfileValueSource type [class org.springframework.test.annotation.SystemProfileValueSource] for class [com.anoop.DemoControllerTest]
17:05:44.463 [main] DEBUG org.springframework.test.annotation.ProfileValueUtils - Retrieved @ProfileValueSourceConfiguration [null] for test class [com.anoop.DemoControllerTest]
17:05:44.463 [main] DEBUG org.springframework.test.annotation.ProfileValueUtils - Retrieved ProfileValueSource type [class org.springframework.test.annotation.SystemProfileValueSource] for class [com.anoop.DemoControllerTest]
17:05:44.463 [main] DEBUG org.springframework.test.annotation.ProfileValueUtils - Retrieved @ProfileValueSourceConfiguration [null] for test class [com.anoop.DemoControllerTest]
17:05:44.463 [main] DEBUG org.springframework.test.annotation.ProfileValueUtils - Retrieved ProfileValueSource type [class org.springframework.test.annotation.SystemProfileValueSource] for class [com.anoop.DemoControllerTest]
17:05:44.469 [main] DEBUG org.springframework.test.context.support.AbstractDirtiesContextTestExecutionListener - Before test class: context [DefaultTestContext@4212a0c8 testClass = DemoControllerTest, testInstance = [null], testMethod = [null], testException = [null], mergedContextConfiguration = [WebMergedContextConfiguration@1e7aa82b testClass = DemoControllerTest, locations = '{}', classes = '{class com.anoop.CSTApplication}', contextInitializerClasses = '[]', activeProfiles = '{}', propertySourceLocations = '{}', propertySourceProperties = '{org.springframework.boot.test.context.SpringBootTestContextBootstrapper=true}', contextCustomizers = set[[ImportsContextCustomizer@3b2c0e88 key = [org.springframework.boot.test.autoconfigure.web.servlet.MockMvcAutoConfiguration, org.springframework.boot.test.autoconfigure.web.servlet.MockMvcSecurityAutoConfiguration, org.springframework.boot.test.autoconfigure.web.servlet.MockMvcWebClientAutoConfiguration, org.springframework.boot.test.autoconfigure.web.servlet.MockMvcWebDriverAutoConfiguration]], org.springframework.boot.test.context.filter.ExcludeFilterContextCustomizer@6057aebb, org.springframework.boot.test.json.DuplicateJsonObjectContextCustomizerFactory$DuplicateJsonObjectContextCustomizer@352c1b98, org.springframework.boot.test.mock.mockito.MockitoContextCustomizer@0, org.springframework.boot.test.web.client.TestRestTemplateContextCustomizer@6d07a63d, org.springframework.boot.test.autoconfigure.properties.PropertyMappingContextCustomizer@e7e8512, org.springframework.boot.test.autoconfigure.web.servlet.WebDriverContextCustomizerFactory$Customizer@341814d3], resourceBasePath = 'src/main/webapp', contextLoader = 'org.springframework.boot.test.context.SpringBootContextLoader', parent = [null]], attributes = map['org.springframework.test.context.web.ServletTestExecutionListener.activateListener' -> true]], class annotated with @DirtiesContext [false] with mode [null].
17:05:44.469 [main] DEBUG org.springframework.test.annotation.ProfileValueUtils - Retrieved @ProfileValueSourceConfiguration [null] for test class [com.anoop.DemoControllerTest]
17:05:44.469 [main] DEBUG org.springframework.test.annotation.ProfileValueUtils - Retrieved ProfileValueSource type [class org.springframework.test.annotation.SystemProfileValueSource] for class [com.anoop.DemoControllerTest]
17:05:44.497 [main] DEBUG org.springframework.core.env.StandardEnvironment - Adding PropertySource 'systemProperties' with lowest search precedence
17:05:44.497 [main] DEBUG org.springframework.core.env.StandardEnvironment - Adding PropertySource 'systemEnvironment' with lowest search precedence
17:05:44.498 [main] DEBUG org.springframework.core.env.StandardEnvironment - Initialized StandardEnvironment with PropertySources [MapPropertySource@1660223291 {name='systemProperties', properties={java.runtime.name=Java(TM) SE Runtime Environment, sun.boot.library.path=/Library/Java/JavaVirtualMachines/jdk1.8.0_91.jdk/Contents/Home/jre/lib, java.vm.version=25.91-b14, gopherProxySet=false, java.vm.vendor=Oracle Corporation, java.vendor.url=http://java.oracle.com/, path.separator=:, java.vm.name=Java HotSpot(TM) 64-Bit Server VM, file.encoding.pkg=sun.io, user.country=US, sun.java.launcher=SUN_STANDARD, sun.os.patch.level=unknown, java.vm.specification.name=Java Virtual Machine Specification, user.dir=/Users/adevadiga/anoopdev/ATLASSIAN/processJira, java.runtime.version=1.8.0_91-b14, basedir=/Users/adevadiga/anoopdev/ATLASSIAN/processJira, java.awt.graphicsenv=sun.awt.CGraphicsEnvironment, java.endorsed.dirs=/Library/Java/JavaVirtualMachines/jdk1.8.0_91.jdk/Contents/Home/jre/lib/endorsed, os.arch=x86_64, surefire.real.class.path=/Users/adevadiga/anoopdev/ATLASSIAN/processJira/target/surefire/surefirebooter7035302006277684626.jar, java.io.tmpdir=/var/folders/q0/jtz_2n2s7zb5f6wjb4sqrn78w27bx8/T/, line.separator=
, java.vm.specification.vendor=Oracle Corporation, os.name=Mac OS X, sun.jnu.encoding=UTF-8, java.library.path=/Users/adevadiga/Library/Java/Extensions:/Library/Java/Extensions:/Network/Library/Java/Extensions:/System/Library/Java/Extensions:/usr/lib/java:., surefire.test.class.path=/Users/adevadiga/anoopdev/ATLASSIAN/processJira/target/test-classes:/Users/adevadiga/anoopdev/ATLASSIAN/processJira/target/classes:/Users/adevadiga/.m2/repository/org/springframework/boot/spring-boot-starter-web/2.0.5.RELEASE/spring-boot-starter-web-2.0.5.RELEASE.jar:/Users/adevadiga/.m2/repository/org/springframework/boot/spring-boot-starter/2.0.5.RELEASE/spring-boot-starter-2.0.5.RELEASE.jar:/Users/adevadiga/.m2/repository/org/springframework/boot/spring-boot/2.0.5.RELEASE/spring-boot-2.0.5.RELEASE.jar:/Users/adevadiga/.m2/repository/org/springframework/boot/spring-boot-autoconfigure/2.0.5.RELEASE/spring-boot-autoconfigure-2.0.5.RELEASE.jar:/Users/adevadiga/.m2/repository/org/springframework/boot/spring-boot-starter-logging/2.0.5.RELEASE/spring-boot-starter-logging-2.0.5.RELEASE.jar:/Users/adevadiga/.m2/repository/ch/qos/logback/logback-classic/1.2.3/logback-classic-1.2.3.jar:/Users/adevadiga/.m2/repository/ch/qos/logback/logback-core/1.2.3/logback-core-1.2.3.jar:/Users/adevadiga/.m2/repository/org/apache/logging/log4j/log4j-to-slf4j/2.10.0/log4j-to-slf4j-2.10.0.jar:/Users/adevadiga/.m2/repository/org/apache/logging/log4j/log4j-api/2.10.0/log4j-api-2.10.0.jar:/Users/adevadiga/.m2/repository/org/slf4j/jul-to-slf4j/1.7.25/jul-to-slf4j-1.7.25.jar:/Users/adevadiga/.m2/repository/javax/annotation/javax.annotation-api/1.3.2/javax.annotation-api-1.3.2.jar:/Users/adevadiga/.m2/repository/org/yaml/snakeyaml/1.19/snakeyaml-1.19.jar:/Users/adevadiga/.m2/repository/org/springframework/boot/spring-boot-starter-json/2.0.5.RELEASE/spring-boot-starter-json-2.0.5.RELEASE.jar:/Users/adevadiga/.m2/repository/com/fasterxml/jackson/core/jackson-databind/2.9.6/jackson-databind-2.9.6.jar:/Users/adevadiga/.m2/repository/com/fasterxml/jackson/core/jackson-annotations/2.9.0/jackson-annotations-2.9.0.jar:/Users/adevadiga/.m2/repository/com/fasterxml/jackson/core/jackson-core/2.9.6/jackson-core-2.9.6.jar:/Users/adevadiga/.m2/repository/com/fasterxml/jackson/datatype/jackson-datatype-jdk8/2.9.6/jackson-datatype-jdk8-2.9.6.jar:/Users/adevadiga/.m2/repository/com/fasterxml/jackson/datatype/jackson-datatype-jsr310/2.9.6/jackson-datatype-jsr310-2.9.6.jar:/Users/adevadiga/.m2/repository/com/fasterxml/jackson/module/jackson-module-parameter-names/2.9.6/jackson-module-parameter-names-2.9.6.jar:/Users/adevadiga/.m2/repository/org/springframework/boot/spring-boot-starter-tomcat/2.0.5.RELEASE/spring-boot-starter-tomcat-2.0.5.RELEASE.jar:/Users/adevadiga/.m2/repository/org/apache/tomcat/embed/tomcat-embed-core/8.5.34/tomcat-embed-core-8.5.34.jar:/Users/adevadiga/.m2/repository/org/apache/tomcat/embed/tomcat-embed-el/8.5.34/tomcat-embed-el-8.5.34.jar:/Users/adevadiga/.m2/repository/org/apache/tomcat/embed/tomcat-embed-websocket/8.5.34/tomcat-embed-websocket-8.5.34.jar:/Users/adevadiga/.m2/repository/org/hibernate/validator/hibernate-validator/6.0.12.Final/hibernate-validator-6.0.12.Final.jar:/Users/adevadiga/.m2/repository/javax/validation/validation-api/2.0.1.Final/validation-api-2.0.1.Final.jar:/Users/adevadiga/.m2/repository/org/jboss/logging/jboss-logging/3.3.2.Final/jboss-logging-3.3.2.Final.jar:/Users/adevadiga/.m2/repository/com/fasterxml/classmate/1.3.4/classmate-1.3.4.jar:/Users/adevadiga/.m2/repository/org/springframework/spring-web/5.0.9.RELEASE/spring-web-5.0.9.RELEASE.jar:/Users/adevadiga/.m2/repository/org/springframework/spring-beans/5.0.9.RELEASE/spring-beans-5.0.9.RELEASE.jar:/Users/adevadiga/.m2/repository/org/springframework/spring-webmvc/5.0.9.RELEASE/spring-webmvc-5.0.9.RELEASE.jar:/Users/adevadiga/.m2/repository/org/springframework/spring-aop/5.0.9.RELEASE/spring-aop-5.0.9.RELEASE.jar:/Users/adevadiga/.m2/repository/org/springframework/spring-context/5.0.9.RELEASE/spring-context-5.0.9.RELEASE.jar:/Users/adevadiga/.m2/repository/org/springframework/spring-expression/5.0.9.RELEASE/spring-expression-5.0.9.RELEASE.jar:/Users/adevadiga/.m2/repository/org/springframework/boot/spring-boot-starter-test/2.0.5.RELEASE/spring-boot-starter-test-2.0.5.RELEASE.jar:/Users/adevadiga/.m2/repository/org/springframework/boot/spring-boot-test/2.0.5.RELEASE/spring-boot-test-2.0.5.RELEASE.jar:/Users/adevadiga/.m2/repository/org/springframework/boot/spring-boot-test-autoconfigure/2.0.5.RELEASE/spring-boot-test-autoconfigure-2.0.5.RELEASE.jar:/Users/adevadiga/.m2/repository/com/jayway/jsonpath/json-path/2.4.0/json-path-2.4.0.jar:/Users/adevadiga/.m2/repository/net/minidev/json-smart/2.3/json-smart-2.3.jar:/Users/adevadiga/.m2/repository/net/minidev/accessors-smart/1.2/accessors-smart-1.2.jar:/Users/adevadiga/.m2/repository/org/ow2/asm/asm/5.0.4/asm-5.0.4.jar:/Users/adevadiga/.m2/repository/org/slf4j/slf4j-api/1.7.25/slf4j-api-1.7.25.jar:/Users/adevadiga/.m2/repository/junit/junit/4.12/junit-4.12.jar:/Users/adevadiga/.m2/repository/org/assertj/assertj-core/3.9.1/assertj-core-3.9.1.jar:/Users/adevadiga/.m2/repository/org/mockito/mockito-core/2.15.0/mockito-core-2.15.0.jar:/Users/adevadiga/.m2/repository/net/bytebuddy/byte-buddy/1.7.11/byte-buddy-1.7.11.jar:/Users/adevadiga/.m2/repository/net/bytebuddy/byte-buddy-agent/1.7.11/byte-buddy-agent-1.7.11.jar:/Users/adevadiga/.m2/repository/org/objenesis/objenesis/2.6/objenesis-2.6.jar:/Users/adevadiga/.m2/repository/org/hamcrest/hamcrest-core/1.3/hamcrest-core-1.3.jar:/Users/adevadiga/.m2/repository/org/hamcrest/hamcrest-library/1.3/hamcrest-library-1.3.jar:/Users/adevadiga/.m2/repository/org/skyscreamer/jsonassert/1.5.0/jsonassert-1.5.0.jar:/Users/adevadiga/.m2/repository/com/vaadin/external/google/android-json/0.0.20131108.vaadin1/android-json-0.0.20131108.vaadin1.jar:/Users/adevadiga/.m2/repository/org/springframework/spring-core/5.0.9.RELEASE/spring-core-5.0.9.RELEASE.jar:/Users/adevadiga/.m2/repository/org/springframework/spring-jcl/5.0.9.RELEASE/spring-jcl-5.0.9.RELEASE.jar:/Users/adevadiga/.m2/repository/org/springframework/spring-test/5.0.9.RELEASE/spring-test-5.0.9.RELEASE.jar:/Users/adevadiga/.m2/repository/org/xmlunit/xmlunit-core/2.5.1/xmlunit-core-2.5.1.jar:/Users/adevadiga/.m2/repository/com/squareup/retrofit2/retrofit/2.3.0/retrofit-2.3.0.jar:/Users/adevadiga/.m2/repository/com/squareup/okhttp3/okhttp/3.8.0/okhttp-3.8.0.jar:/Users/adevadiga/.m2/repository/com/squareup/okio/okio/1.13.0/okio-1.13.0.jar:/Users/adevadiga/.m2/repository/com/squareup/retrofit2/converter-gson/2.3.0/converter-gson-2.3.0.jar:/Users/adevadiga/.m2/repository/com/google/code/gson/gson/2.8.5/gson-2.8.5.jar:/Users/adevadiga/.m2/repository/com/squareup/retrofit2/adapter-rxjava/2.3.0/adapter-rxjava-2.3.0.jar:/Users/adevadiga/.m2/repository/io/reactivex/rxjava/1.3.8/rxjava-1.3.8.jar:/Users/adevadiga/.m2/repository/com/amazonaws/aws-java-sdk/1.11.163/aws-java-sdk-1.11.163.jar:/Users/adevadiga/.m2/repository/com/amazonaws/aws-java-sdk-dax/1.11.163/aws-java-sdk-dax-1.11.163.jar:/Users/adevadiga/.m2/repository/com/amazonaws/jmespath-java/1.11.163/jmespath-java-1.11.163.jar:/Users/adevadiga/.m2/repository/com/amazonaws/aws-java-sdk-greengrass/1.11.163/aws-java-sdk-greengrass-1.11.163.jar:/Users/adevadiga/.m2/repository/com/amazonaws/aws-java-sdk-athena/1.11.163/aws-java-sdk-athena-1.11.163.jar:/Users/adevadiga/.m2/repository/com/amazonaws/aws-java-sdk-marketplaceentitlement/1.11.163/aws-java-sdk-marketplaceentitlement-1.11.163.jar:/Users/adevadiga/.m2/repository/com/amazonaws/aws-java-sdk-codestar/1.11.163/aws-java-sdk-codestar-1.11.163.jar:/Users/adevadiga/.m2/repository/com/amazonaws/aws-java-sdk-lexmodelbuilding/1.11.163/aws-java-sdk-lexmodelbuilding-1.11.163.jar:/Users/adevadiga/.m2/repository/com/amazonaws/aws-java-sdk-resourcegroupstaggingapi/1.11.163/aws-java-sdk-resourcegroupstaggingapi-1.11.163.jar:/Users/adevadiga/.m2/repository/com/amazonaws/aws-java-sdk-pinpoint/1.11.163/aws-java-sdk-pinpoint-1.11.163.jar:/Users/adevadiga/.m2/repository/com/amazonaws/aws-java-sdk-xray/1.11.163/aws-java-sdk-xray-1.11.163.jar:/Users/adevadiga/.m2/repository/com/amazonaws/aws-java-sdk-opsworkscm/1.11.163/aws-java-sdk-opsworkscm-1.11.163.jar:/Users/adevadiga/.m2/repository/com/amazonaws/aws-java-sdk-support/1.11.163/aws-java-sdk-support-1.11.163.jar:/Users/adevadiga/.m2/repository/com/amazonaws/aws-java-sdk-simpledb/1.11.163/aws-java-sdk-simpledb-1.11.163.jar:/Users/adevadiga/.m2/repository/com/amazonaws/aws-java-sdk-servicecatalog/1.11.163/aws-java-sdk-servicecatalog-1.11.163.jar:/Users/adevadiga/.m2/repository/com/amazonaws/aws-java-sdk-servermigration/1.11.163/aws-java-sdk-servermigration-1.11.163.jar:/Users/adevadiga/.m2/repository/com/amazonaws/aws-java-sdk-simpleworkflow/1.11.163/aws-java-sdk-simpleworkflow-1.11.163.jar:/Users/adevadiga/.m2/repository/com/amazonaws/aws-java-sdk-storagegateway/1.11.163/aws-java-sdk-storagegateway-1.11.163.jar:/Users/adevadiga/.m2/repository/com/amazonaws/aws-java-sdk-route53/1.11.163/aws-java-sdk-route53-1.11.163.jar:/Users/adevadiga/.m2/repository/com/amazonaws/aws-java-sdk-s3/1.11.163/aws-java-sdk-s3-1.11.163.jar:/Users/adevadiga/.m2/repository/com/amazonaws/aws-java-sdk-importexport/1.11.163/aws-java-sdk-importexport-1.11.163.jar:/Users/adevadiga/.m2/repository/com/amazonaws/aws-java-sdk-sts/1.11.163/aws-java-sdk-sts-1.11.163.jar:/Users/adevadiga/.m2/repository/com/amazonaws/aws-java-sdk-sqs/1.11.163/aws-java-sdk-sqs-1.11.163.jar:/Users/adevadiga/.m2/repository/com/amazonaws/aws-java-sdk-rds/1.11.163/aws-java-sdk-rds-1.11.163.jar:/Users/adevadiga/.m2/repository/com/amazonaws/aws-java-sdk-redshift/1.11.163/aws-java-sdk-redshift-1.11.163.jar:/Users/adevadiga/.m2/repository/com/amazonaws/aws-java-sdk-elasticbeanstalk/1.11.163/aws-java-sdk-elasticbeanstalk-1.11.163.jar:/Users/adevadiga/.m2/repository/com/amazonaws/aws-java-sdk-glacier/1.11.163/aws-java-sdk-glacier-1.11.163.jar:/Users/adevadiga/.m2/repository/com/amazonaws/aws-java-sdk-iam/1.11.163/aws-java-sdk-iam-1.11.163.jar:/Users/adevadiga/.m2/repository/com/amazonaws/aws-java-sdk-datapipeline/1.11.163/aws-java-sdk-datapipeline-1.11.163.jar:/Users/adevadiga/.m2/repository/com/amazonaws/aws-java-sdk-elasticloadbalancing/1.11.163/aws-java-sdk-elasticloadbalancing-1.11.163.jar:/Users/adevadiga/.m2/repository/com/amazonaws/aws-java-sdk-elasticloadbalancingv2/1.11.163/aws-java-sdk-elasticloadbalancingv2-1.11.163.jar:/Users/adevadiga/.m2/repository/com/amazonaws/aws-java-sdk-emr/1.11.163/aws-java-sdk-emr-1.11.163.jar:/Users/adevadiga/.m2/repository/com/amazonaws/aws-java-sdk-elasticache/1.11.163/aws-java-sdk-elasticache-1.11.163.jar:/Users/adevadiga/.m2/repository/com/amazonaws/aws-java-sdk-elastictranscoder/1.11.163/aws-java-sdk-elastictranscoder-1.11.163.jar:/Users/adevadiga/.m2/repository/com/amazonaws/aws-java-sdk-ec2/1.11.163/aws-java-sdk-ec2-1.11.163.jar:/Users/adevadiga/.m2/repository/com/amazonaws/aws-java-sdk-dynamodb/1.11.163/aws-java-sdk-dynamodb-1.11.163.jar:/Users/adevadiga/.m2/repository/com/amazonaws/aws-java-sdk-sns/1.11.163/aws-java-sdk-sns-1.11.163.jar:/Users/adevadiga/.m2/repository/com/amazonaws/aws-java-sdk-budgets/1.11.163/aws-java-sdk-budgets-1.11.163.jar:/Users/adevadiga/.m2/repository/com/amazonaws/aws-java-sdk-cloudtrail/1.11.163/aws-java-sdk-cloudtrail-1.11.163.jar:/Users/adevadiga/.m2/repository/com/amazonaws/aws-java-sdk-cloudwatch/1.11.163/aws-java-sdk-cloudwatch-1.11.163.jar:/Users/adevadiga/.m2/repository/com/amazonaws/aws-java-sdk-logs/1.11.163/aws-java-sdk-logs-1.11.163.jar:/Users/adevadiga/.m2/repository/com/amazonaws/aws-java-sdk-events/1.11.163/aws-java-sdk-events-1.11.163.jar:/Users/adevadiga/.m2/repository/com/amazonaws/aws-java-sdk-cognitoidentity/1.11.163/aws-java-sdk-cognitoidentity-1.11.163.jar:/Users/adevadiga/.m2/repository/com/amazonaws/aws-java-sdk-cognitosync/1.11.163/aws-java-sdk-cognitosync-1.11.163.jar:/Users/adevadiga/.m2/repository/com/amazonaws/aws-java-sdk-directconnect/1.11.163/aws-java-sdk-directconnect-1.11.163.jar:/Users/adevadiga/.m2/repository/com/amazonaws/aws-java-sdk-cloudformation/1.11.163/aws-java-sdk-cloudformation-1.11.163.jar:/Users/adevadiga/.m2/repository/com/amazonaws/aws-java-sdk-cloudfront/1.11.163/aws-java-sdk-cloudfront-1.11.163.jar:/Users/adevadiga/.m2/repository/com/amazonaws/aws-java-sdk-clouddirectory/1.11.163/aws-java-sdk-clouddirectory-1.11.163.jar:/Users/adevadiga/.m2/repository/com/amazonaws/aws-java-sdk-kinesis/1.11.163/aws-java-sdk-kinesis-1.11.163.jar:/Users/adevadiga/.m2/repository/com/amazonaws/aws-java-sdk-opsworks/1.11.163/aws-java-sdk-opsworks-1.11.163.jar:/Users/adevadiga/.m2/repository/com/amazonaws/aws-java-sdk-ses/1.11.163/aws-java-sdk-ses-1.11.163.jar:/Users/adevadiga/.m2/repository/com/amazonaws/aws-java-sdk-autoscaling/1.11.163/aws-java-sdk-autoscaling-1.11.163.jar:/Users/adevadiga/.m2/repository/com/amazonaws/aws-java-sdk-cloudsearch/1.11.163/aws-java-sdk-cloudsearch-1.11.163.jar:/Users/adevadiga/.m2/repository/com/amazonaws/aws-java-sdk-cloudwatchmetrics/1.11.163/aws-java-sdk-cloudwatchmetrics-1.11.163.jar:/Users/adevadiga/.m2/repository/com/amazonaws/aws-java-sdk-codedeploy/1.11.163/aws-java-sdk-codedeploy-1.11.163.jar:/Users/adevadiga/.m2/repository/com/amazonaws/aws-java-sdk-codepipeline/1.11.163/aws-java-sdk-codepipeline-1.11.163.jar:/Users/adevadiga/.m2/repository/com/amazonaws/aws-java-sdk-kms/1.11.163/aws-java-sdk-kms-1.11.163.jar:/Users/adevadiga/.m2/repository/com/amazonaws/aws-java-sdk-config/1.11.163/aws-java-sdk-config-1.11.163.jar:/Users/adevadiga/.m2/repository/com/amazonaws/aws-java-sdk-lambda/1.11.163/aws-java-sdk-lambda-1.11.163.jar:/Users/adevadiga/.m2/repository/com/amazonaws/aws-java-sdk-ecs/1.11.163/aws-java-sdk-ecs-1.11.163.jar:/Users/adevadiga/.m2/repository/com/amazonaws/aws-java-sdk-ecr/1.11.163/aws-java-sdk-ecr-1.11.163.jar:/Users/adevadiga/.m2/repository/com/amazonaws/aws-java-sdk-cloudhsm/1.11.163/aws-java-sdk-cloudhsm-1.11.163.jar:/Users/adevadiga/.m2/repository/com/amazonaws/aws-java-sdk-ssm/1.11.163/aws-java-sdk-ssm-1.11.163.jar:/Users/adevadiga/.m2/repository/com/amazonaws/aws-java-sdk-workspaces/1.11.163/aws-java-sdk-workspaces-1.11.163.jar:/Users/adevadiga/.m2/repository/com/amazonaws/aws-java-sdk-machinelearning/1.11.163/aws-java-sdk-machinelearning-1.11.163.jar:/Users/adevadiga/.m2/repository/com/amazonaws/aws-java-sdk-directory/1.11.163/aws-java-sdk-directory-1.11.163.jar:/Users/adevadiga/.m2/repository/com/amazonaws/aws-java-sdk-efs/1.11.163/aws-java-sdk-efs-1.11.163.jar:/Users/adevadiga/.m2/repository/com/amazonaws/aws-java-sdk-codecommit/1.11.163/aws-java-sdk-codecommit-1.11.163.jar:/Users/adevadiga/.m2/repository/com/amazonaws/aws-java-sdk-devicefarm/1.11.163/aws-java-sdk-devicefarm-1.11.163.jar:/Users/adevadiga/.m2/repository/com/amazonaws/aws-java-sdk-elasticsearch/1.11.163/aws-java-sdk-elasticsearch-1.11.163.jar:/Users/adevadiga/.m2/repository/com/amazonaws/aws-java-sdk-waf/1.11.163/aws-java-sdk-waf-1.11.163.jar:/Users/adevadiga/.m2/repository/com/amazonaws/aws-java-sdk-marketplacecommerceanalytics/1.11.163/aws-java-sdk-marketplacecommerceanalytics-1.11.163.jar:/Users/adevadiga/.m2/repository/com/amazonaws/aws-java-sdk-inspector/1.11.163/aws-java-sdk-inspector-1.11.163.jar:/Users/adevadiga/.m2/repository/com/amazonaws/aws-java-sdk-iot/1.11.163/aws-java-sdk-iot-1.11.163.jar:/Users/adevadiga/.m2/repository/com/amazonaws/aws-java-sdk-api-gateway/1.11.163/aws-java-sdk-api-gateway-1.11.163.jar:/Users/adevadiga/.m2/repository/com/amazonaws/aws-java-sdk-acm/1.11.163/aws-java-sdk-acm-1.11.163.jar:/Users/adevadiga/.m2/repository/com/amazonaws/aws-java-sdk-gamelift/1.11.163/aws-java-sdk-gamelift-1.11.163.jar:/Users/adevadiga/.m2/repository/com/amazonaws/aws-java-sdk-dms/1.11.163/aws-java-sdk-dms-1.11.163.jar:/Users/adevadiga/.m2/repository/com/amazonaws/aws-java-sdk-marketplacemeteringservice/1.11.163/aws-java-sdk-marketplacemeteringservice-1.11.163.jar:/Users/adevadiga/.m2/repository/com/amazonaws/aws-java-sdk-cognitoidp/1.11.163/aws-java-sdk-cognitoidp-1.11.163.jar:/Users/adevadiga/.m2/repository/com/amazonaws/aws-java-sdk-discovery/1.11.163/aws-java-sdk-discovery-1.11.163.jar:/Users/adevadiga/.m2/repository/com/amazonaws/aws-java-sdk-applicationautoscaling/1.11.163/aws-java-sdk-applicationautoscaling-1.11.163.jar:/Users/adevadiga/.m2/repository/com/amazonaws/aws-java-sdk-snowball/1.11.163/aws-java-sdk-snowball-1.11.163.jar:/Users/adevadiga/.m2/repository/com/amazonaws/aws-java-sdk-rekognition/1.11.163/aws-java-sdk-rekognition-1.11.163.jar:/Users/adevadiga/.m2/repository/com/amazonaws/aws-java-sdk-polly/1.11.163/aws-java-sdk-polly-1.11.163.jar:/Users/adevadiga/.m2/repository/com/amazonaws/aws-java-sdk-lightsail/1.11.163/aws-java-sdk-lightsail-1.11.163.jar:/Users/adevadiga/.m2/repository/com/amazonaws/aws-java-sdk-stepfunctions/1.11.163/aws-java-sdk-stepfunctions-1.11.163.jar:/Users/adevadiga/.m2/repository/com/amazonaws/aws-java-sdk-health/1.11.163/aws-java-sdk-health-1.11.163.jar:/Users/adevadiga/.m2/repository/com/amazonaws/aws-java-sdk-costandusagereport/1.11.163/aws-java-sdk-costandusagereport-1.11.163.jar:/Users/adevadiga/.m2/repository/com/amazonaws/aws-java-sdk-codebuild/1.11.163/aws-java-sdk-codebuild-1.11.163.jar:/Users/adevadiga/.m2/repository/com/amazonaws/aws-java-sdk-appstream/1.11.163/aws-java-sdk-appstream-1.11.163.jar:/Users/adevadiga/.m2/repository/com/amazonaws/aws-java-sdk-shield/1.11.163/aws-java-sdk-shield-1.11.163.jar:/Users/adevadiga/.m2/repository/com/amazonaws/aws-java-sdk-batch/1.11.163/aws-java-sdk-batch-1.11.163.jar:/Users/adevadiga/.m2/repository/com/amazonaws/aws-java-sdk-lex/1.11.163/aws-java-sdk-lex-1.11.163.jar:/Users/adevadiga/.m2/repository/com/amazonaws/aws-java-sdk-mechanicalturkrequester/1.11.163/aws-java-sdk-mechanicalturkrequester-1.11.163.jar:/Users/adevadiga/.m2/repository/com/amazonaws/aws-java-sdk-organizations/1.11.163/aws-java-sdk-organizations-1.11.163.jar:/Users/adevadiga/.m2/repository/com/amazonaws/aws-java-sdk-workdocs/1.11.163/aws-java-sdk-workdocs-1.11.163.jar:/Users/adevadiga/.m2/repository/com/amazonaws/aws-java-sdk-core/1.11.163/aws-java-sdk-core-1.11.163.jar:/Users/adevadiga/.m2/repository/commons-logging/commons-logging/1.1.3/commons-logging-1.1.3.jar:/Users/adevadiga/.m2/repository/org/apache/httpcomponents/httpclient/4.5.6/httpclient-4.5.6.jar:/Users/adevadiga/.m2/repository/org/apache/httpcomponents/httpcore/4.4.10/httpcore-4.4.10.jar:/Users/adevadiga/.m2/repository/commons-codec/commons-codec/1.11/commons-codec-1.11.jar:/Users/adevadiga/.m2/repository/software/amazon/ion/ion-java/1.0.2/ion-java-1.0.2.jar:/Users/adevadiga/.m2/repository/com/fasterxml/jackson/dataformat/jackson-dataformat-cbor/2.9.6/jackson-dataformat-cbor-2.9.6.jar:/Users/adevadiga/.m2/repository/joda-time/joda-time/2.9.9/joda-time-2.9.9.jar:/Users/adevadiga/.m2/repository/com/amazonaws/aws-java-sdk-models/1.11.163/aws-java-sdk-models-1.11.163.jar:/Users/adevadiga/.m2/repository/com/amazonaws/aws-java-sdk-swf-libraries/1.11.22/aws-java-sdk-swf-libraries-1.11.22.jar:, java.specification.name=Java Platform API Specification, java.class.version=52.0, sun.management.compiler=HotSpot 64-Bit Tiered Compilers, os.version=10.13.4, user.home=/Users/adevadiga, user.timezone=Asia/Kolkata, java.awt.printerjob=sun.lwawt.macosx.CPrinterJob, file.encoding=UTF8, java.specification.version=1.8, java.class.path=/Users/adevadiga/anoopdev/ATLASSIAN/processJira/target/test-classes:/Users/adevadiga/anoopdev/ATLASSIAN/processJira/target/classes:/Users/adevadiga/.m2/repository/org/springframework/boot/spring-boot-starter-web/2.0.5.RELEASE/spring-boot-starter-web-2.0.5.RELEASE.jar:/Users/adevadiga/.m2/repository/org/springframework/boot/spring-boot-starter/2.0.5.RELEASE/spring-boot-starter-2.0.5.RELEASE.jar:/Users/adevadiga/.m2/repository/org/springframework/boot/spring-boot/2.0.5.RELEASE/spring-boot-2.0.5.RELEASE.jar:/Users/adevadiga/.m2/repository/org/springframework/boot/spring-boot-autoconfigure/2.0.5.RELEASE/spring-boot-autoconfigure-2.0.5.RELEASE.jar:/Users/adevadiga/.m2/reposit
[...]
	at org.junit.runners.ParentRunner$3.run(ParentRunner.java:290)
	at org.junit.runners.ParentRunner$1.schedule(ParentRunner.java:71)
	at org.junit.runners.ParentRunner.runChildren(ParentRunner.java:288)
	at org.junit.runners.ParentRunner.access$000(ParentRunner.java:58)
	at org.junit.runners.ParentRunner$2.evaluate(ParentRunner.java:268)
	at org.springframework.test.context.junit4.statements.RunBeforeTestClassCallbacks.evaluate(RunBeforeTestClassCallbacks.java:61)
	at org.springframework.test.context.junit4.statements.RunAfterTestClassCallbacks.evaluate(RunAfterTestClassCallbacks.java:70)
	at org.junit.runners.ParentRunner.run(ParentRunner.java:363)
	at org.springframework.test.context.junit4.SpringJUnit4ClassRunner.run(SpringJUnit4ClassRunner.java:190)
	at org.apache.maven.surefire.junit4.JUnit4Provider.execute(JUnit4Provider.java:365)
	at org.apache.maven.surefire.junit4.JUnit4Provider.executeWithRerun(JUnit4Provider.java:273)
	at org.apache.maven.surefire.junit4.JUnit4Provider.executeTestSet(JUnit4Provider.java:238)
	at org.apache.maven.surefire.junit4.JUnit4Provider.invoke(JUnit4Provider.java:159)
	at org.apache.maven.surefire.booter.ForkedBooter.invokeProviderInSameClassLoader(ForkedBooter.java:379)
	at org.apache.maven.surefire.booter.ForkedBooter.runSuitesInProcess(ForkedBooter.java:340)
	at org.apache.maven.surefire.booter.ForkedBooter.execute(ForkedBooter.java:125)
	at org.apache.maven.surefire.booter.ForkedBooter.main(ForkedBooter.java:413)
Caused by: org.springframework.beans.factory.UnsatisfiedDependencyException: Error creating bean with name 'sqsClient' defined in class path resource [com/anoop/cst/configs/DevConfig.class]: Unsatisfied dependency expressed through method 'sqsClient' parameter 0; nested exception is org.springframework.beans.factory.BeanCreationException: Error creating bean with name 'envConfigProperties': Injection of autowired dependencies failed; nested exception is java.lang.IllegalArgumentException: Could not resolve placeholder 'JIRA_BASE_URL' in value "${JIRA_BASE_URL}"
	at org.springframework.beans.factory.support.ConstructorResolver.createArgumentArray(ConstructorResolver.java:732)
	at org.springframework.beans.factory.support.ConstructorResolver.instantiateUsingFactoryMethod(ConstructorResolver.java:474)
	at org.springframework.beans.factory.support.AbstractAutowireCapableBeanFactory.instantiateUsingFactoryMethod(AbstractAutowireCapableBeanFactory.java:1247)
	at org.springframework.beans.factory.support.AbstractAutowireCapableBeanFactory.createBeanInstance(AbstractAutowireCapableBeanFactory.java:1096)
	at org.springframework.beans.factory.support.AbstractAutowireCapableBeanFactory.doCreateBean(AbstractAutowireCapableBeanFactory.java:535)
	at org.springframework.beans.factory.support.AbstractAutowireCapableBeanFactory.createBean(AbstractAutowireCapableBeanFactory.java:495)
	at org.springframework.beans.factory.support.AbstractBeanFactory.lambda$doGetBean$0(AbstractBeanFactory.java:317)
	at org.springframework.beans.factory.support.DefaultSingletonBeanRegistry.getSingleton(DefaultSingletonBeanRegistry.java:222)
	at org.springframework.beans.factory.support.AbstractBeanFactory.doGetBean(AbstractBeanFactory.java:315)
	at org.springframework.beans.factory.support.AbstractBeanFactory.getBean(AbstractBeanFactory.java:199)
	at org.springframework.beans.factory.config.DependencyDescriptor.resolveCandidate(DependencyDescriptor.java:251)
	at org.springframework.beans.factory.support.DefaultListableBeanFactory.doResolveDependency(DefaultListableBeanFactory.java:1135)
	at org.springframework.beans.factory.support.DefaultListableBeanFactory.resolveDependency(DefaultListableBeanFactory.java:1062)
	at org.springframework.beans.factory.support.ConstructorResolver.resolveAutowiredArgument(ConstructorResolver.java:818)
	at org.springframework.beans.factory.support.ConstructorResolver.createArgumentArray(ConstructorResolver.java:724)
	... 45 common frames omitted
Caused by: org.springframework.beans.factory.BeanCreationException: Error creating bean with name 'envConfigProperties': Injection of autowired dependencies failed; nested exception is java.lang.IllegalArgumentException: Could not resolve placeholder 'JIRA_BASE_URL' in value "${JIRA_BASE_URL}"
	at org.springframework.beans.factory.annotation.AutowiredAnnotationBeanPostProcessor.postProcessPropertyValues(AutowiredAnnotationBeanPostProcessor.java:378)
	at org.springframework.beans.factory.support.AbstractAutowireCapableBeanFactory.populateBean(AbstractAutowireCapableBeanFactory.java:1341)
	at org.springframework.beans.factory.support.AbstractAutowireCapableBeanFactory.doCreateBean(AbstractAutowireCapableBeanFactory.java:572)
	at org.springframework.beans.factory.support.AbstractAutowireCapableBeanFactory.createBean(AbstractAutowireCapableBeanFactory.java:495)
	at org.springframework.beans.factory.support.AbstractBeanFactory.lambda$doGetBean$0(AbstractBeanFactory.java:317)
	at org.springframework.beans.factory.support.DefaultSingletonBeanRegistry.getSingleton(DefaultSingletonBeanRegistry.java:222)
	at org.springframework.beans.factory.support.AbstractBeanFactory.doGetBean(AbstractBeanFactory.java:315)
	at org.springframework.beans.factory.support.AbstractBeanFactory.getBean(AbstractBeanFactory.java:199)
	at org.springframework.beans.factory.config.DependencyDescriptor.resolveCandidate(DependencyDescriptor.java:251)
	at org.springframework.beans.factory.support.DefaultListableBeanFactory.doResolveDependency(DefaultListableBeanFactory.java:1135)
	at org.springframework.beans.factory.support.DefaultListableBeanFactory.resolveDependency(DefaultListableBeanFactory.java:1062)
	at org.springframework.beans.factory.support.ConstructorResolver.resolveAutowiredArgument(ConstructorResolver.java:818)
	at org.springframework.beans.factory.support.ConstructorResolver.createArgumentArray(ConstructorResolver.java:724)
	... 59 common frames omitted
Caused by: java.lang.IllegalArgumentException: Could not resolve placeholder 'JIRA_BASE_URL' in value "${JIRA_BASE_URL}"
	at org.springframework.util.PropertyPlaceholderHelper.parseStringValue(PropertyPlaceholderHelper.java:172)
	at org.springframework.util.PropertyPlaceholderHelper.replacePlaceholders(PropertyPlaceholderHelper.java:124)
	at org.springframework.core.env.AbstractPropertyResolver.doResolvePlaceholders(AbstractPropertyResolver.java:237)
	at org.springframework.core.env.AbstractPropertyResolver.resolveRequiredPlaceholders(AbstractPropertyResolver.java:211)
	at org.springframework.context.support.PropertySourcesPlaceholderConfigurer.lambda$processProperties$0(PropertySourcesPlaceholderConfigurer.java:175)
	at org.springframework.beans.factory.support.AbstractBeanFactory.resolveEmbeddedValue(AbstractBeanFactory.java:839)
	at org.springframework.beans.factory.support.DefaultListableBeanFactory.doResolveDependency(DefaultListableBeanFactory.java:1083)
	at org.springframework.beans.factory.support.DefaultListableBeanFactory.resolveDependency(DefaultListableBeanFactory.java:1062)
	at org.springframework.beans.factory.annotation.AutowiredAnnotationBeanPostProcessor$AutowiredFieldElement.inject(AutowiredAnnotationBeanPostProcessor.java:583)
	at org.springframework.beans.factory.annotation.InjectionMetadata.inject(InjectionMetadata.java:90)
	at org.springframework.beans.factory.annotation.AutowiredAnnotationBeanPostProcessor.postProcessPropertyValues(AutowiredAnnotationBeanPostProcessor.java:372)
	... 71 common frames omitted
&amp#27;[30m2018-10-28 17:05:47,368&amp#27;[0;39m &amp#27;[1;31mERROR&amp#27;[0;39m [&amp#27;[34mmain&amp#27;[0;39m] &amp#27;[33morg.springframework.test.context.TestContextManager&amp#27;[0;39m: Caught exception while allowing TestExecutionListener [org.springframework.test.context.web.ServletTestExecutionListener@f001896] to prepare test instance [com.anoop.DemoControllerTest@fca387]
java.lang.IllegalStateException: Failed to load ApplicationContext
	at org.springframework.test.context.cache.DefaultCacheAwareContextLoaderDelegate.loadContext(DefaultCacheAwareContextLoaderDelegate.java:125)
	at org.springframework.test.context.support.DefaultTestContext.getApplicationContext(DefaultTestContext.java:108)
	at org.springframework.test.context.web.ServletTestExecutionListener.setUpRequestContextIfNecessary(ServletTestExecutionListener.java:190)
	at org.springframework.test.context.web.ServletTestExecutionListener.prepareTestInstance(ServletTestExecutionListener.java:132)
	at org.springframework.test.context.TestContextManager.prepareTestInstance(TestContextManager.java:246)
	at org.springframework.test.context.junit4.SpringJUnit4ClassRunner.createTest(SpringJUnit4ClassRunner.java:227)
	at org.springframework.test.context.junit4.SpringJUnit4ClassRunner$1.runReflectiveCall(SpringJUnit4ClassRunner.java:289)
	at org.junit.internal.runners.model.ReflectiveCallable.run(ReflectiveCallable.java:12)
	at org.springframework.test.context.junit4.SpringJUnit4ClassRunner.methodBlock(SpringJUnit4ClassRunner.java:291)
	at org.springframework.test.context.junit4.SpringJUnit4ClassRunner.runChild(SpringJUnit4ClassRunner.java:246)
	at org.springframework.test.context.junit4.SpringJUnit4ClassRunner.runChild(SpringJUnit4ClassRunner.java:97)
	at org.junit.runners.ParentRunner$3.run(ParentRunner.java:290)
	at org.junit.runners.ParentRunner$1.schedule(ParentRunner.java:71)
	at org.junit.runners.ParentRunner.runChildren(ParentRunner.java:288)
	at org.junit.runners.ParentRunner.access$000(ParentRunner.java:58)
	at org.junit.runners.ParentRunner$2.evaluate(ParentRunner.java:268)
	at org.springframework.test.context.junit4.statements.RunBeforeTestClassCallbacks.evaluate(RunBeforeTestClassCallbacks.java:61)
	at org.springframework.test.context.junit4.statements.RunAfterTestClassCallbacks.evaluate(RunAfterTestClassCallbacks.java:70)
	at org.junit.runners.ParentRunner.run(ParentRunner.java:363)
	at org.springframework.test.context.junit4.SpringJUnit4ClassRunner.run(SpringJUnit4ClassRunner.java:190)
	at org.apache.maven.surefire.junit4.JUnit4Provider.execute(JUnit4Provider.java:365)
	at org.apache.maven.surefire.junit4.JUnit4Provider.executeWithRerun(JUnit4Provider.java:273)
	at org.apache.maven.surefire.junit4.JUnit4Provider.executeTestSet(JUnit4Provider.java:238)
	at org.apache.maven.surefire.junit4.JUnit4Provider.invoke(JUnit4Provider.java:159)
	at org.apache.maven.surefire.booter.ForkedBooter.invokeProviderInSameClassLoader(ForkedBooter.java:379)
	at org.apache.maven.surefire.booter.ForkedBooter.runSuitesInProcess(ForkedBooter.java:340)
	at org.apache.maven.surefire.booter.ForkedBooter.execute(ForkedBooter.java:125)
	at org.apache.maven.surefire.booter.ForkedBooter.main(ForkedBooter.java:413)
Caused by: org.springframework.beans.factory.UnsatisfiedDependencyException: Error creating bean with name 'SQSClientWrapper' defined in file [/Users/adevadiga/anoopdev/ATLASSIAN/processJira/target/classes/com/anoop/cst/clients/SQSClientWrapper.class]: Unsatisfied dependency expressed through constructor parameter 0; nested exception is org.springframework.beans.factory.UnsatisfiedDependencyException: Error creating bean with name 'sqsClient' defined in class path resource [com/anoop/cst/configs/DevConfig.class]: Unsatisfied dependency expressed through method 'sqsClient' parameter 0; nested exception is org.springframework.beans.factory.BeanCreationException: Error creating bean with name 'envConfigProperties': Injection of autowired dependencies failed; nested exception is java.lang.IllegalArgumentException: Could not resolve placeholder 'JIRA_BASE_URL' in value "${JIRA_BASE_URL}"
	at org.springframework.beans.factory.support.ConstructorResolver.createArgumentArray(ConstructorResolver.java:732)
	at org.springframework.beans.factory.support.ConstructorResolver.autowireConstructor(ConstructorResolver.java:197)
	at org.springframework.beans.factory.support.AbstractAutowireCapableBeanFactory.autowireConstructor(AbstractAutowireCapableBeanFactory.java:1267)
	at org.springframework.beans.factory.support.AbstractAutowireCapableBeanFactory.createBeanInstance(AbstractAutowireCapableBeanFactory.java:1124)
	at org.springframework.beans.factory.support.AbstractAutowireCapableBeanFactory.doCreateBean(AbstractAutowireCapableBeanFactory.java:535)
	at org.springframework.beans.factory.support.AbstractAutowireCapableBeanFactory.createBean(AbstractAutowireCapableBeanFactory.java:495)
	at org.springframework.beans.factory.support.AbstractBeanFactory.lambda$doGetBean$0(AbstractBeanFactory.java:317)
	at org.springframework.beans.factory.support.DefaultSingletonBeanRegistry.getSingleton(DefaultSingletonBeanRegistry.java:222)
	at org.springframework.beans.factory.support.AbstractBeanFactory.doGetBean(AbstractBeanFactory.java:315)
	at org.springframework.beans.factory.support.AbstractBeanFactory.getBean(AbstractBeanFactory.java:199)
	at org.springframework.beans.factory.support.DefaultListableBeanFactory.preInstantiateSingletons(DefaultListableBeanFactory.java:759)
	at org.springframework.context.support.AbstractApplicationContext.finishBeanFactoryInitialization(AbstractApplicationContext.java:869)
	at org.springframework.context.support.AbstractApplicationContext.refresh(AbstractApplicationContext.java:550)
	at org.springframework.boot.SpringApplication.refresh(SpringApplication.java:780)
	at org.springframework.boot.SpringApplication.refreshContext(SpringApplication.java:412)
	at org.springframework.boot.SpringApplication.run(SpringApplication.java:333)
	at org.springframework.boot.test.context.SpringBootContextLoader.loadContext(SpringBootContextLoader.java:139)
	at org.springframework.test.context.cache.DefaultCacheAwareContextLoaderDelegate.loadContextInternal(DefaultCacheAwareContextLoaderDelegate.java:99)
	at org.springframework.test.context.cache.DefaultCacheAwareContextLoaderDelegate.loadContext(DefaultCacheAwareContextLoaderDelegate.java:117)
	... 27 common frames omitted
Caused by: org.springframework.beans.factory.UnsatisfiedDependencyException: Error creating bean with name 'sqsClient' defined in class path resource [com/anoop/cst/configs/DevConfig.class]: Unsatisfied dependency expressed through method 'sqsClient' parameter 0; nested exception is org.springframework.beans.factory.BeanCreationException: Error creating bean with name 'envConfigProperties': Injection of autowired dependencies failed; nested exception is java.lang.IllegalArgumentException: Could not resolve placeholder 'JIRA_BASE_URL' in value "${JIRA_BASE_URL}"
	at org.springframework.beans.factory.support.ConstructorResolver.createArgumentArray(ConstructorResolver.java:732)
	at org.springframework.beans.factory.support.ConstructorResolver.instantiateUsingFactoryMethod(ConstructorResolver.java:474)
	at org.springframework.beans.factory.support.AbstractAutowireCapableBeanFactory.instantiateUsingFactoryMethod(AbstractAutowireCapableBeanFactory.java:1247)
	at org.springframework.beans.factory.support.AbstractAutowireCapableBeanFactory.createBeanInstance(AbstractAutowireCapableBeanFactory.java:1096)
	at org.springframework.beans.factory.support.AbstractAutowireCapableBeanFactory.doCreateBean(AbstractAutowireCapableBeanFactory.java:535)
	at org.springframework.beans.factory.support.AbstractAutowireCapableBeanFactory.createBean(AbstractAutowireCapableBeanFactory.java:495)
	at org.springframework.beans.factory.support.AbstractBeanFactory.lambda$doGetBean$0(AbstractBeanFactory.java:317)
	at org.springframework.beans.factory.support.DefaultSingletonBeanRegistry.getSingleton(DefaultSingletonBeanRegistry.java:222)
	at org.springframework.beans.factory.support.AbstractBeanFactory.doGetBean(AbstractBeanFactory.java:315)
	at org.springframework.beans.factory.support.AbstractBeanFactory.getBean(AbstractBeanFactory.java:199)
	at org.springframework.beans.factory.config.DependencyDescriptor.resolveCandidate(DependencyDescriptor.java:251)
	at org.springframework.beans.factory.support.DefaultListableBeanFactory.doResolveDependency(DefaultListableBeanFactory.java:1135)
	at org.springframework.beans.factory.support.DefaultListableBeanFactory.resolveDependency(DefaultListableBeanFactory.java:1062)
	at org.springframework.beans.factory.support.ConstructorResolver.resolveAutowiredArgument(ConstructorResolver.java:818)
	at org.springframework.beans.factory.support.ConstructorResolver.createArgumentArray(ConstructorResolver.java:724)
	... 45 common frames omitted
Caused by: org.springframework.beans.factory.BeanCreationException: Error creating bean with name 'envConfigProperties': Injection of autowired dependencies failed; nested exception is java.lang.IllegalArgumentException: Could not resolve placeholder 'JIRA_BASE_URL' in value "${JIRA_BASE_URL}"
	at org.springframework.beans.factory.annotation.AutowiredAnnotationBeanPostProcessor.postProcessPropertyValues(AutowiredAnnotationBeanPostProcessor.java:378)
	at org.springframework.beans.factory.support.AbstractAutowireCapableBeanFactory.populateBean(AbstractAutowireCapableBeanFactory.java:1341)
	at org.springframework.beans.factory.support.AbstractAutowireCapableBeanFactory.doCreateBean(AbstractAutowireCapableBeanFactory.java:572)
	at org.springframework.beans.factory.support.AbstractAutowireCapableBeanFactory.createBean(AbstractAutowireCapableBeanFactory.java:495)
	at org.springframework.beans.factory.support.AbstractBeanFactory.lambda$doGetBean$0(AbstractBeanFactory.java:317)
	at org.springframework.beans.factory.support.DefaultSingletonBeanRegistry.getSingleton(DefaultSingletonBeanRegistry.java:222)
	at org.springframework.beans.factory.support.AbstractBeanFactory.doGetBean(AbstractBeanFactory.java:315)
	at org.springframework.beans.factory.support.AbstractBeanFactory.getBean(AbstractBeanFactory.java:199)
	at org.springframework.beans.factory.config.DependencyDescriptor.resolveCandidate(DependencyDescriptor.java:251)
	at org.springframework.beans.factory.support.DefaultListableBeanFactory.doResolveDependency(DefaultListableBeanFactory.java:1135)
	at org.springframework.beans.factory.support.DefaultListableBeanFactory.resolveDependency(DefaultListableBeanFactory.java:1062)
	at org.springframework.beans.factory.support.ConstructorResolver.resolveAutowiredArgument(ConstructorResolver.java:818)
	at org.springframework.beans.factory.support.ConstructorResolver.createArgumentArray(ConstructorResolver.java:724)
	... 59 common frames omitted
Caused by: java.lang.IllegalArgumentException: Could not resolve placeholder 'JIRA_BASE_URL' in value "${JIRA_BASE_URL}"
	at org.springframework.util.PropertyPlaceholderHelper.parseStringValue(PropertyPlaceholderHelper.java:172)
	at org.springframework.util.PropertyPlaceholderHelper.replacePlaceholders(PropertyPlaceholderHelper.java:124)
	at org.springframework.core.env.AbstractPropertyResolver.doResolvePlaceholders(AbstractPropertyResolver.java:237)
	at org.springframework.core.env.AbstractPropertyResolver.resolveRequiredPlaceholders(AbstractPropertyResolver.java:211)
	at org.springframework.context.support.PropertySourcesPlaceholderConfigurer.lambda$processProperties$0(PropertySourcesPlaceholderConfigurer.java:175)
	at org.springframework.beans.factory.support.AbstractBeanFactory.resolveEmbeddedValue(AbstractBeanFactory.java:839)
	at org.springframework.beans.factory.support.DefaultListableBeanFactory.doResolveDependency(DefaultListableBeanFactory.java:1083)
	at org.springframework.beans.factory.support.DefaultListableBeanFactory.resolveDependency(DefaultListableBeanFactory.java:1062)
	at org.springframework.beans.factory.annotation.AutowiredAnnotationBeanPostProcessor$AutowiredFieldElement.inject(AutowiredAnnotationBeanPostProcessor.java:583)
	at org.springframework.beans.factory.annotation.InjectionMetadata.inject(InjectionMetadata.java:90)
	at org.springframework.beans.factory.annotation.AutowiredAnnotationBeanPostProcessor.postProcessPropertyValues(AutowiredAnnotationBeanPostProcessor.java:372)
	... 71 common frames omitted
]]></system-out>
  </testcase>
</testsuite>